{"level":30,"time":1684931961028,"pid":83,"hostname":"90592e5d-fe76-43ce-864f-9b3b42c830f7","msg":"Launched Cluster 0"}
{"level":30,"time":1684931962933,"pid":95,"hostname":"90592e5d-fe76-43ce-864f-9b3b42c830f7","msg":"AntiCrash Events Loaded!"}
{"level":30,"time":1684931964061,"pid":95,"hostname":"90592e5d-fe76-43ce-864f-9b3b42c830f7","msg":"\u001b[92m[DB] Databases loaded!\u001b[39m"}
{"level":30,"time":1684931965269,"pid":95,"hostname":"90592e5d-fe76-43ce-864f-9b3b42c830f7","msg":"Loaded 6 AutoRun events."}
{"level":30,"time":1684931965355,"pid":95,"hostname":"90592e5d-fe76-43ce-864f-9b3b42c830f7","msg":"Client Events Loaded!"}
{"level":30,"time":1684931965543,"pid":95,"hostname":"90592e5d-fe76-43ce-864f-9b3b42c830f7","msg":"Client 52 Commands Loaded!"}
{"level":30,"time":1684931965630,"pid":95,"hostname":"90592e5d-fe76-43ce-864f-9b3b42c830f7","msg":"Player Events Loaded!"}
{"level":30,"time":1684931965641,"pid":95,"hostname":"90592e5d-fe76-43ce-864f-9b3b42c830f7","msg":"Track Events Loaded!"}
{"level":30,"time":1684931966176,"pid":95,"hostname":"90592e5d-fe76-43ce-864f-9b3b42c830f7","msg":"63 Interactions Loaded!"}
{"level":30,"time":1684931967031,"pid":95,"hostname":"90592e5d-fe76-43ce-864f-9b3b42c830f7","msg":"Shard 0 Ready!"}
{"level":30,"time":1684931967245,"pid":95,"hostname":"90592e5d-fe76-43ce-864f-9b3b42c830f7","msg":"Logged in Elysia (1062820661510275132) is Ready!"}
{"level":30,"time":1684931967247,"pid":95,"hostname":"90592e5d-fe76-43ce-864f-9b3b42c830f7","msg":"Auto deploy enabled. Reading interaction files..."}
{"level":30,"time":1684931967352,"pid":95,"hostname":"90592e5d-fe76-43ce-864f-9b3b42c830f7","msg":"Lavalink [For Elysia] connected."}
{"level":30,"time":1684931967732,"pid":95,"hostname":"90592e5d-fe76-43ce-864f-9b3b42c830f7","msg":"Interactions deployed! Exiting auto deploy..."}
{"level":30,"time":1684935299588,"pid":95,"hostname":"90592e5d-fe76-43ce-864f-9b3b42c830f7","msg":"Shard 0 Reconnected!"}
{"level":30,"time":1684939678000,"pid":95,"hostname":"90592e5d-fe76-43ce-864f-9b3b42c830f7","msg":"Shard 0 Reconnected!"}
{"level":30,"time":1684944800813,"pid":95,"hostname":"90592e5d-fe76-43ce-864f-9b3b42c830f7","msg":"Shard 0 Reconnected!"}
{"level":30,"time":1684944837417,"pid":95,"hostname":"90592e5d-fe76-43ce-864f-9b3b42c830f7","msg":"Shard 0 Reconnected!"}
{"level":30,"time":1684948669518,"pid":95,"hostname":"90592e5d-fe76-43ce-864f-9b3b42c830f7","msg":"Shard 0 Reconnected!"}
{"level":30,"time":1684956363876,"pid":95,"hostname":"90592e5d-fe76-43ce-864f-9b3b42c830f7","msg":"Shard 0 Reconnected!"}
{"level":30,"time":1684963935896,"pid":95,"hostname":"90592e5d-fe76-43ce-864f-9b3b42c830f7","msg":"Shard 0 Reconnected!"}
{"level":30,"time":1684968905779,"pid":95,"hostname":"90592e5d-fe76-43ce-864f-9b3b42c830f7","msg":"Shard 0 Reconnected!"}
{"level":30,"time":1684972645832,"pid":95,"hostname":"90592e5d-fe76-43ce-864f-9b3b42c830f7","msg":"Shard 0 Reconnected!"}
{"level":30,"time":1684979073978,"pid":95,"hostname":"90592e5d-fe76-43ce-864f-9b3b42c830f7","msg":"Shard 0 Reconnected!"}
{"level":30,"time":1684980364099,"pid":95,"hostname":"90592e5d-fe76-43ce-864f-9b3b42c830f7","msg":"Shard 0 Reconnected!"}
{"level":40,"time":1684988138316,"pid":95,"hostname":"90592e5d-fe76-43ce-864f-9b3b42c830f7","msg":"Mongoose disconnected"}
{"level":50,"time":1684988138320,"pid":95,"hostname":"90592e5d-fe76-43ce-864f-9b3b42c830f7","err":{"type":"PoolClearedOnNetworkError","message":"Connection to ac-xsvh5vk-shard-00-02.0qw6x5m.mongodb.net:27017 interrupted due to server monitor timeout","stack":"PoolClearedOnNetworkError: Connection to ac-xsvh5vk-shard-00-02.0qw6x5m.mongodb.net:27017 interrupted due to server monitor timeout\n    at ConnectionPool.interruptInUseConnections (/home/container/node_modules/mongodb/lib/cmap/connection_pool.js:258:36)\n    at /home/container/node_modules/mongodb/lib/cmap/connection_pool.js:245:41\n    at process.processTicksAndRejections (node:internal/process/task_queues:77:11)","address":"ac-xsvh5vk-shard-00-02.0qw6x5m.mongodb.net:27017"},"msg":"Unhandled Rejection: Connection to ac-xsvh5vk-shard-00-02.0qw6x5m.mongodb.net:27017 interrupted due to server monitor timeout"}
{"level":50,"time":1684988189542,"pid":95,"hostname":"90592e5d-fe76-43ce-864f-9b3b42c830f7","err":{"type":"MongoServerSelectionError","message":"connection timed out","stack":"MongoServerSelectionError: connection timed out\n    at Timeout._onTimeout (/home/container/node_modules/mongodb/lib/sdam/topology.js:277:38)\n    at listOnTimeout (node:internal/timers:569:17)\n    at process.processTimers (node:internal/timers:512:7)","reason":{"type":"ReplicaSetNoPrimary","servers":{},"stale":false,"compatible":true,"heartbeatFrequencyMS":10000,"localThresholdMS":15,"setName":"atlas-m6stie-shard-0","maxElectionId":"7fffffff00000000000000c1","maxSetVersion":7,"commonWireVersion":0,"logicalSessionTimeoutMinutes":null}},"msg":"Unhandled Rejection: connection timed out"}
{"level":30,"time":1684988199532,"pid":95,"hostname":"90592e5d-fe76-43ce-864f-9b3b42c830f7","msg":"[DB] DATABASE CONNECTED"}
{"level":30,"time":1684988199532,"pid":95,"hostname":"90592e5d-fe76-43ce-864f-9b3b42c830f7","msg":"Reconnecting to database..."}
{"level":30,"time":1684992037967,"pid":95,"hostname":"90592e5d-fe76-43ce-864f-9b3b42c830f7","msg":"Shard 0 Reconnected!"}
{"level":30,"time":1684997985302,"pid":95,"hostname":"90592e5d-fe76-43ce-864f-9b3b42c830f7","msg":"Shard 0 Reconnected!"}
{"level":40,"time":1684999179176,"pid":95,"hostname":"90592e5d-fe76-43ce-864f-9b3b42c830f7","msg":"Mongoose disconnected"}
{"level":50,"time":1684999179180,"pid":95,"hostname":"90592e5d-fe76-43ce-864f-9b3b42c830f7","err":{"type":"PoolClearedOnNetworkError","message":"Connection to ac-xsvh5vk-shard-00-02.0qw6x5m.mongodb.net:27017 interrupted due to server monitor timeout","stack":"PoolClearedOnNetworkError: Connection to ac-xsvh5vk-shard-00-02.0qw6x5m.mongodb.net:27017 interrupted due to server monitor timeout\n    at ConnectionPool.interruptInUseConnections (/home/container/node_modules/mongodb/lib/cmap/connection_pool.js:258:36)\n    at /home/container/node_modules/mongodb/lib/cmap/connection_pool.js:245:41\n    at process.processTicksAndRejections (node:internal/process/task_queues:77:11)","address":"ac-xsvh5vk-shard-00-02.0qw6x5m.mongodb.net:27017"},"msg":"Unhandled Rejection: Connection to ac-xsvh5vk-shard-00-02.0qw6x5m.mongodb.net:27017 interrupted due to server monitor timeout"}
{"level":30,"time":1684999211246,"pid":95,"hostname":"90592e5d-fe76-43ce-864f-9b3b42c830f7","msg":"[DB] DATABASE CONNECTED"}
{"level":30,"time":1684999211247,"pid":95,"hostname":"90592e5d-fe76-43ce-864f-9b3b42c830f7","msg":"Reconnecting to database..."}
{"level":30,"time":1685005354125,"pid":95,"hostname":"90592e5d-fe76-43ce-864f-9b3b42c830f7","msg":"Shard 0 Reconnected!"}
{"level":30,"time":1685013525698,"pid":95,"hostname":"90592e5d-fe76-43ce-864f-9b3b42c830f7","msg":"Shard 0 Reconnected!"}
{"level":30,"time":1685016218743,"pid":95,"hostname":"90592e5d-fe76-43ce-864f-9b3b42c830f7","msg":"Shard 0 Reconnected!"}
{"level":30,"time":1685019380294,"pid":95,"hostname":"90592e5d-fe76-43ce-864f-9b3b42c830f7","msg":"Shard 0 Reconnected!"}
{"level":30,"time":1685020786631,"pid":95,"hostname":"90592e5d-fe76-43ce-864f-9b3b42c830f7","msg":"Shard 0 Reconnected!"}
{"level":30,"time":1685028489389,"pid":95,"hostname":"90592e5d-fe76-43ce-864f-9b3b42c830f7","msg":"Shard 0 Reconnected!"}
{"level":30,"time":1685034231851,"pid":95,"hostname":"90592e5d-fe76-43ce-864f-9b3b42c830f7","msg":"Shard 0 Reconnected!"}
{"level":30,"time":1685035749990,"pid":95,"hostname":"90592e5d-fe76-43ce-864f-9b3b42c830f7","msg":"Shard 0 Reconnected!"}
{"level":30,"time":1685040224552,"pid":95,"hostname":"90592e5d-fe76-43ce-864f-9b3b42c830f7","msg":"Shard 0 Reconnected!"}
{"level":30,"time":1685041940890,"pid":95,"hostname":"90592e5d-fe76-43ce-864f-9b3b42c830f7","msg":"Shard 0 Reconnected!"}
{"level":30,"time":1685044435724,"pid":95,"hostname":"90592e5d-fe76-43ce-864f-9b3b42c830f7","msg":"Shard 0 Reconnected!"}
{"level":30,"time":1685052928055,"pid":95,"hostname":"90592e5d-fe76-43ce-864f-9b3b42c830f7","msg":"Shard 0 Reconnected!"}
{"level":30,"time":1685065190879,"pid":95,"hostname":"90592e5d-fe76-43ce-864f-9b3b42c830f7","msg":"Shard 0 Reconnected!"}
{"level":30,"time":1685070430307,"pid":95,"hostname":"90592e5d-fe76-43ce-864f-9b3b42c830f7","msg":"Shard 0 Reconnected!"}
{"level":30,"time":1685073455386,"pid":95,"hostname":"90592e5d-fe76-43ce-864f-9b3b42c830f7","msg":"Shard 0 Reconnected!"}
{"level":30,"time":1685075907084,"pid":95,"hostname":"90592e5d-fe76-43ce-864f-9b3b42c830f7","msg":"Shard 0 Reconnected!"}
{"level":30,"time":1685084246526,"pid":95,"hostname":"90592e5d-fe76-43ce-864f-9b3b42c830f7","msg":"Shard 0 Reconnected!"}
{"level":30,"time":1685087586848,"pid":95,"hostname":"90592e5d-fe76-43ce-864f-9b3b42c830f7","msg":"Shard 0 Reconnected!"}
{"level":30,"time":1685091867276,"pid":95,"hostname":"90592e5d-fe76-43ce-864f-9b3b42c830f7","msg":"Shard 0 Reconnected!"}
{"level":50,"time":1685095785943,"pid":95,"hostname":"90592e5d-fe76-43ce-864f-9b3b42c830f7","err":{"type":"HTTPError","message":"Bad Gateway","stack":"HTTPError: Bad Gateway\n    at handleErrors (/home/container/node_modules/@discordjs/rest/dist/index.js:633:11)\n    at SequentialHandler.runRequest (/home/container/node_modules/@discordjs/rest/dist/index.js:1021:29)\n    at process.processTicksAndRejections (node:internal/process/task_queues:95:5)\n    at async SequentialHandler.queueRequest (/home/container/node_modules/@discordjs/rest/dist/index.js:862:14)\n    at async REST.request (/home/container/node_modules/@discordjs/rest/dist/index.js:1387:22)\n    at async WebhookClient.editMessage (/home/container/node_modules/discord.js/src/structures/Webhook.js:338:15)\n    at async Timeout._onTimeout (/home/container/AutoRun/Status.js:41:9)","requestBody":{"files":[],"json":{"content":"","tts":false,"embeds":[{"color":12602359,"timestamp":"2023-05-26T10:09:02.507Z","author":{"name":"LavaLink Status","icon_url":"https://cdn.discordapp.com/avatars/1062820661510275132/cc21e373698d104d337a6bb99b18dee5.webp"},"description":"```nim\nNode         :: 🟢 For Elysia\nConnections  :: 0\nPlaying      :: 0\nUptime       :: 5 D, 16 H, 51 M, 11 S\nCores        :: 1 Core(s)\nMemory       :: 27.5 MB/144 MB\nSystemload   :: 0.44%\nLavalinkLoad :: 0.00%```","fields":[{"name":"**CPU**","value":"```nim\nCpu: Intel Xeon® E5-2680 v4\nLoad: 41.22%\nCores: 8```","inline":true},{"name":"**RAM**","value":"```nim\nTotal: 47 GB \nUsed: 23.3 GB \nBot: 180.09 MB / 51.65 MB```","inline":true},{"name":"**NETWORK**","value":"```nim\nPing: 29997ms\nUp: 6.5 kB/s\nDown: 108.6 kB/s\n\nTotal Up: 175.8 MB\nTotal Down: 2.3 GB```"},{"name":"**API Latency**","value":"```nim\nBot: 48ms\nDatabase: 1ms (0.001s)```","inline":true},{"name":"**Disk**","value":"```nim\nTotal: 387.5 GB \nUsed: 90 GB```","inline":true},{"name":"**Uptime**","value":"```nim\nOS: 5d 16h 55m 58s\nBot: 1 d, 21 h, 29 m, 35 s ```","inline":true}]}]}},"name":"HTTPError","status":502,"method":"PATCH","url":"https://discord.com/api/v10/webhooks/1076228549960282254/3XEj7pTts3BK-XJ6hRa-iRrH4lCXVEHJ1icNdu5MPj2TmY1RX8YLolGEXLXRt_sfQcM8/messages/1081457218609741834"},"msg":"Unhandled Rejection: Bad Gateway"}
{"level":50,"time":1685095819265,"pid":95,"hostname":"90592e5d-fe76-43ce-864f-9b3b42c830f7","msg":"HTTPError: Bad Gateway\n    at handleErrors (/home/container/node_modules/@discordjs/rest/dist/index.js:633:11)\n    at SequentialHandler.runRequest (/home/container/node_modules/@discordjs/rest/dist/index.js:1021:29)\n    at process.processTicksAndRejections (node:internal/process/task_queues:95:5)\n    at async SequentialHandler.queueRequest (/home/container/node_modules/@discordjs/rest/dist/index.js:862:14)\n    at async REST.request (/home/container/node_modules/@discordjs/rest/dist/index.js:1387:22)\n    at async GuildChannelManager.fetchWebhooks (/home/container/node_modules/discord.js/src/managers/GuildChannelManager.js:408:18)\n    at async /home/container/AutoRun/mutireddit.js:51:38"}
{"level":50,"time":1685095834186,"pid":95,"hostname":"90592e5d-fe76-43ce-864f-9b3b42c830f7","err":{"type":"HTTPError","message":"Bad Gateway","stack":"HTTPError: Bad Gateway\n    at handleErrors (/home/container/node_modules/@discordjs/rest/dist/index.js:633:11)\n    at SequentialHandler.runRequest (/home/container/node_modules/@discordjs/rest/dist/index.js:1021:29)\n    at process.processTicksAndRejections (node:internal/process/task_queues:95:5)\n    at async SequentialHandler.queueRequest (/home/container/node_modules/@discordjs/rest/dist/index.js:862:14)\n    at async REST.request (/home/container/node_modules/@discordjs/rest/dist/index.js:1387:22)\n    at async WebhookClient.editMessage (/home/container/node_modules/discord.js/src/structures/Webhook.js:338:15)\n    at async Timeout._onTimeout (/home/container/AutoRun/Status.js:41:9)","requestBody":{"files":[],"json":{"content":"","tts":false,"embeds":[{"color":12602359,"timestamp":"2023-05-26T10:09:32.509Z","author":{"name":"LavaLink Status","icon_url":"https://cdn.discordapp.com/avatars/1062820661510275132/cc21e373698d104d337a6bb99b18dee5.webp"},"description":"```nim\nNode         :: 🟢 For Elysia\nConnections  :: 0\nPlaying      :: 0\nUptime       :: 5 D, 16 H, 52 M, 11 S\nCores        :: 1 Core(s)\nMemory       :: 27.9 MB/144 MB\nSystemload   :: 0.45%\nLavalinkLoad :: 0.00%```","fields":[{"name":"**CPU**","value":"```nim\nCpu: Intel Xeon® E5-2680 v4\nLoad: 41.22%\nCores: 8```","inline":true},{"name":"**RAM**","value":"```nim\nTotal: 47 GB \nUsed: 23.1 GB \nBot: 173.62 MB / 50.49 MB```","inline":true},{"name":"**NETWORK**","value":"```nim\nPing: 30016ms\nUp: 614.7 Bytes/s\nDown: 1.5 kB/s\n\nTotal Up: 175.8 MB\nTotal Down: 2.3 GB```"},{"name":"**API Latency**","value":"```nim\nBot: 51ms\nDatabase: 1ms (0.001s)```","inline":true},{"name":"**Disk**","value":"```nim\nTotal: 387.5 GB \nUsed: 90 GB```","inline":true},{"name":"**Uptime**","value":"```nim\nOS: 5d 16h 56m 28s\nBot: 1 d, 21 h, 30 m, 5 s ```","inline":true}]}]}},"name":"HTTPError","status":502,"method":"PATCH","url":"https://discord.com/api/v10/webhooks/1076228549960282254/3XEj7pTts3BK-XJ6hRa-iRrH4lCXVEHJ1icNdu5MPj2TmY1RX8YLolGEXLXRt_sfQcM8/messages/1081457218609741834"},"msg":"Unhandled Rejection: Bad Gateway"}
{"level":50,"time":1685095882289,"pid":95,"hostname":"90592e5d-fe76-43ce-864f-9b3b42c830f7","err":{"type":"HTTPError","message":"Service Unavailable","stack":"HTTPError: Service Unavailable\n    at handleErrors (/home/container/node_modules/@discordjs/rest/dist/index.js:633:11)\n    at SequentialHandler.runRequest (/home/container/node_modules/@discordjs/rest/dist/index.js:1021:29)\n    at process.processTicksAndRejections (node:internal/process/task_queues:95:5)\n    at async SequentialHandler.queueRequest (/home/container/node_modules/@discordjs/rest/dist/index.js:862:14)\n    at async REST.request (/home/container/node_modules/@discordjs/rest/dist/index.js:1387:22)\n    at async WebhookClient.editMessage (/home/container/node_modules/discord.js/src/structures/Webhook.js:338:15)\n    at async Timeout._onTimeout (/home/container/AutoRun/Status.js:41:9)","requestBody":{"files":[],"json":{"content":"","tts":false,"embeds":[{"color":12602359,"timestamp":"2023-05-26T10:10:02.502Z","author":{"name":"LavaLink Status","icon_url":"https://cdn.discordapp.com/avatars/1062820661510275132/cc21e373698d104d337a6bb99b18dee5.webp"},"description":"```nim\nNode         :: 🟢 For Elysia\nConnections  :: 0\nPlaying      :: 0\nUptime       :: 5 D, 16 H, 52 M, 11 S\nCores        :: 1 Core(s)\nMemory       :: 27.9 MB/144 MB\nSystemload   :: 0.45%\nLavalinkLoad :: 0.00%```","fields":[{"name":"**CPU**","value":"```nim\nCpu: Intel Xeon® E5-2680 v4\nLoad: 41.22%\nCores: 8```","inline":true},{"name":"**RAM**","value":"```nim\nTotal: 47 GB \nUsed: 23.1 GB \nBot: 172.46 MB / 51.33 MB```","inline":true},{"name":"**NETWORK**","value":"```nim\nPing: 29988ms\nUp: 1.2 kB/s\nDown: 2.1 kB/s\n\nTotal Up: 175.8 MB\nTotal Down: 2.3 GB```"},{"name":"**API Latency**","value":"```nim\nBot: 51ms\nDatabase: 1ms (0.001s)```","inline":true},{"name":"**Disk**","value":"```nim\nTotal: 387.5 GB \nUsed: 90 GB```","inline":true},{"name":"**Uptime**","value":"```nim\nOS: 5d 16h 56m 58s\nBot: 1 d, 21 h, 30 m, 35 s ```","inline":true}]}]}},"name":"HTTPError","status":503,"method":"PATCH","url":"https://discord.com/api/v10/webhooks/1076228549960282254/3XEj7pTts3BK-XJ6hRa-iRrH4lCXVEHJ1icNdu5MPj2TmY1RX8YLolGEXLXRt_sfQcM8/messages/1081457218609741834"},"msg":"Unhandled Rejection: Service Unavailable"}
{"level":30,"time":1685099116409,"pid":95,"hostname":"90592e5d-fe76-43ce-864f-9b3b42c830f7","msg":"Shard 0 Reconnected!"}
{"level":30,"time":1685099989088,"pid":95,"hostname":"90592e5d-fe76-43ce-864f-9b3b42c830f7","msg":"Shard 0 Reconnected!"}
