{"level":30,"time":1679462120366,"pid":22296,"hostname":"Pruk","msg":"Launched Cluster 0"}
{"level":30,"time":1679462121094,"pid":19896,"hostname":"Pruk","msg":"AntiCrash Events Loaded!"}
{"level":30,"time":1679462121800,"pid":19896,"hostname":"Pruk","msg":"Loaded 3 AutoRun events."}
{"level":30,"time":1679462121823,"pid":19896,"hostname":"Pruk","msg":"Client Events Loaded!"}
{"level":30,"time":1679462121962,"pid":19896,"hostname":"Pruk","msg":"Client 73 Commands Loaded!"}
{"level":30,"time":1679462121974,"pid":19896,"hostname":"Pruk","msg":"Player Events Loaded!"}
{"level":30,"time":1679462121981,"pid":19896,"hostname":"Pruk","msg":"Track Events Loaded!"}
{"level":30,"time":1679462122126,"pid":19896,"hostname":"Pruk","msg":"62 Interactions Loaded!"}
{"level":30,"time":1679462123941,"pid":19896,"hostname":"Pruk","msg":"Shard 0 has been spawn!"}
{"level":30,"time":1679462123966,"pid":19896,"hostname":"Pruk","msg":"Logged in Elysia[Ego] (950169287291711508) is Ready!"}
{"level":30,"time":1679462123967,"pid":19896,"hostname":"Pruk","msg":"Auto deploy enabled. Reading interaction files..."}
{"level":30,"time":1679462124518,"pid":19896,"hostname":"Pruk","msg":"Interactions deployed! Exiting auto deploy..."}
{"level":30,"time":1679462124545,"pid":19896,"hostname":"Pruk","msg":"Lavalink [For Elysia] connected."}
{"level":50,"time":1679462228914,"pid":19896,"hostname":"Pruk","msg":"Errored Elysia[Ego]#5215 (950169287291711508)::TypeError: Cannot read properties of undefined (reading 'get')"}
{"level":50,"time":1679462315110,"pid":19896,"hostname":"Pruk","msg":"Errored Elysia[Ego]#5215 (950169287291711508)::TypeError: Cannot read properties of undefined (reading 'get')"}
{"level":30,"time":1679462492960,"pid":17712,"hostname":"Pruk","msg":"Launched Cluster 0"}
{"level":30,"time":1679462493707,"pid":21972,"hostname":"Pruk","msg":"AntiCrash Events Loaded!"}
{"level":30,"time":1679462494071,"pid":21972,"hostname":"Pruk","msg":"Loaded 2 AutoRun events."}
{"level":30,"time":1679462494094,"pid":21972,"hostname":"Pruk","msg":"Client Events Loaded!"}
{"level":30,"time":1679462494211,"pid":21972,"hostname":"Pruk","msg":"Client 73 Commands Loaded!"}
{"level":30,"time":1679462494221,"pid":21972,"hostname":"Pruk","msg":"Player Events Loaded!"}
{"level":30,"time":1679462494225,"pid":21972,"hostname":"Pruk","msg":"Track Events Loaded!"}
{"level":30,"time":1679462494460,"pid":21972,"hostname":"Pruk","msg":"62 Interactions Loaded!"}
{"level":30,"time":1679462496153,"pid":21972,"hostname":"Pruk","msg":"Shard 0 has been spawn!"}
{"level":30,"time":1679462496171,"pid":21972,"hostname":"Pruk","msg":"Logged in Elysia[Ego] (950169287291711508) is Ready!"}
{"level":30,"time":1679462496172,"pid":21972,"hostname":"Pruk","msg":"Auto deploy enabled. Reading interaction files..."}
{"level":30,"time":1679462496740,"pid":21972,"hostname":"Pruk","msg":"Interactions deployed! Exiting auto deploy..."}
{"level":30,"time":1679462496749,"pid":21972,"hostname":"Pruk","msg":"Lavalink [For Elysia] connected."}
{"level":50,"time":1679462503217,"pid":21972,"hostname":"Pruk","msg":"Errored Elysia[Ego]#5215 (950169287291711508)::TypeError: Cannot read properties of undefined (reading 'get')"}
{"level":30,"time":1679462570367,"pid":21852,"hostname":"Pruk","msg":"Launched Cluster 0"}
{"level":30,"time":1679462570983,"pid":13768,"hostname":"Pruk","msg":"AntiCrash Events Loaded!"}
{"level":30,"time":1679462571324,"pid":13768,"hostname":"Pruk","msg":"Loaded 2 AutoRun events."}
{"level":30,"time":1679462571343,"pid":13768,"hostname":"Pruk","msg":"Client Events Loaded!"}
{"level":30,"time":1679462571450,"pid":13768,"hostname":"Pruk","msg":"Client 73 Commands Loaded!"}
{"level":30,"time":1679462571460,"pid":13768,"hostname":"Pruk","msg":"Player Events Loaded!"}
{"level":30,"time":1679462571463,"pid":13768,"hostname":"Pruk","msg":"Track Events Loaded!"}
{"level":30,"time":1679462571692,"pid":13768,"hostname":"Pruk","msg":"62 Interactions Loaded!"}
{"level":30,"time":1679462573148,"pid":13768,"hostname":"Pruk","msg":"Shard 0 has been spawn!"}
{"level":30,"time":1679462573166,"pid":13768,"hostname":"Pruk","msg":"Logged in Elysia[Ego] (950169287291711508) is Ready!"}
{"level":30,"time":1679462573167,"pid":13768,"hostname":"Pruk","msg":"Auto deploy enabled. Reading interaction files..."}
{"level":30,"time":1679462573713,"pid":13768,"hostname":"Pruk","msg":"Interactions deployed! Exiting auto deploy..."}
{"level":30,"time":1679462573737,"pid":13768,"hostname":"Pruk","msg":"Lavalink [For Elysia] connected."}
{"level":50,"time":1679462580172,"pid":13768,"hostname":"Pruk","msg":"Errored ::TypeError: Cannot read properties of undefined (reading 'get')"}
{"level":50,"time":1679462586692,"pid":13768,"hostname":"Pruk","msg":"Errored ::TypeError: Cannot read properties of undefined (reading 'get')"}
{"level":30,"time":1679462650414,"pid":5112,"hostname":"Pruk","msg":"Launched Cluster 0"}
{"level":30,"time":1679462651080,"pid":4720,"hostname":"Pruk","msg":"AntiCrash Events Loaded!"}
{"level":30,"time":1679462651470,"pid":4720,"hostname":"Pruk","msg":"Loaded 2 AutoRun events."}
{"level":30,"time":1679462651495,"pid":4720,"hostname":"Pruk","msg":"Client Events Loaded!"}
{"level":30,"time":1679462651612,"pid":4720,"hostname":"Pruk","msg":"Client 73 Commands Loaded!"}
{"level":30,"time":1679462651621,"pid":4720,"hostname":"Pruk","msg":"Player Events Loaded!"}
{"level":30,"time":1679462651626,"pid":4720,"hostname":"Pruk","msg":"Track Events Loaded!"}
{"level":30,"time":1679462651904,"pid":4720,"hostname":"Pruk","msg":"62 Interactions Loaded!"}
{"level":30,"time":1679462653516,"pid":4720,"hostname":"Pruk","msg":"Shard 0 has been spawn!"}
{"level":30,"time":1679462653537,"pid":4720,"hostname":"Pruk","msg":"Logged in Elysia[Ego] (950169287291711508) is Ready!"}
{"level":30,"time":1679462653538,"pid":4720,"hostname":"Pruk","msg":"Auto deploy enabled. Reading interaction files..."}
{"level":30,"time":1679462654180,"pid":4720,"hostname":"Pruk","msg":"Interactions deployed! Exiting auto deploy..."}
{"level":30,"time":1679462658355,"pid":4720,"hostname":"Pruk","msg":"Lavalink [For Elysia] connected."}
{"level":50,"time":1679462670093,"pid":4720,"hostname":"Pruk","msg":"Errored ::TypeError: Cannot read properties of undefined (reading 'get')"}
{"level":50,"time":1679462687332,"pid":4720,"hostname":"Pruk","msg":"Errored ::TypeError: Cannot read properties of undefined (reading 'get')"}
{"level":50,"time":1679462700296,"pid":4720,"hostname":"Pruk","msg":"Errored ::TypeError: Cannot read properties of undefined (reading 'get')"}
{"level":30,"time":1679462974168,"pid":820,"hostname":"Pruk","msg":"Launched Cluster 0"}
{"level":30,"time":1679462974913,"pid":2296,"hostname":"Pruk","msg":"AntiCrash Events Loaded!"}
{"level":30,"time":1679462975398,"pid":2296,"hostname":"Pruk","msg":"Loaded 2 AutoRun events."}
{"level":30,"time":1679462975417,"pid":2296,"hostname":"Pruk","msg":"Client Events Loaded!"}
{"level":30,"time":1679462975541,"pid":2296,"hostname":"Pruk","msg":"Client 73 Commands Loaded!"}
{"level":30,"time":1679462975552,"pid":2296,"hostname":"Pruk","msg":"Player Events Loaded!"}
{"level":30,"time":1679462975557,"pid":2296,"hostname":"Pruk","msg":"Track Events Loaded!"}
{"level":30,"time":1679462975800,"pid":2296,"hostname":"Pruk","msg":"62 Interactions Loaded!"}
{"level":30,"time":1679462977136,"pid":2296,"hostname":"Pruk","msg":"Shard 0 has been spawn!"}
{"level":30,"time":1679462977154,"pid":2296,"hostname":"Pruk","msg":"Logged in Elysia[Ego] (950169287291711508) is Ready!"}
{"level":30,"time":1679462977155,"pid":2296,"hostname":"Pruk","msg":"Auto deploy enabled. Reading interaction files..."}
{"level":30,"time":1679462977776,"pid":2296,"hostname":"Pruk","msg":"Interactions deployed! Exiting auto deploy..."}
{"level":30,"time":1679462977782,"pid":2296,"hostname":"Pruk","msg":"Lavalink [For Elysia] connected."}
{"level":50,"time":1679462979590,"pid":2296,"hostname":"Pruk","msg":"Errored ::TypeError: Cannot read properties of null (reading 'has')"}
{"level":30,"time":1679490009001,"pid":8448,"hostname":"Pruk","msg":"Launched Cluster 0"}
{"level":30,"time":1679490009711,"pid":10108,"hostname":"Pruk","msg":"AntiCrash Events Loaded!"}
{"level":30,"time":1679490010157,"pid":10108,"hostname":"Pruk","msg":"Loaded 2 AutoRun events."}
{"level":30,"time":1679490010177,"pid":10108,"hostname":"Pruk","msg":"Client Events Loaded!"}
{"level":30,"time":1679490010290,"pid":10108,"hostname":"Pruk","msg":"Client 73 Commands Loaded!"}
{"level":30,"time":1679490010300,"pid":10108,"hostname":"Pruk","msg":"Player Events Loaded!"}
{"level":30,"time":1679490010304,"pid":10108,"hostname":"Pruk","msg":"Track Events Loaded!"}
{"level":30,"time":1679490010525,"pid":10108,"hostname":"Pruk","msg":"62 Interactions Loaded!"}
{"level":30,"time":1679490012243,"pid":10108,"hostname":"Pruk","msg":"Shard 0 has been spawn!"}
{"level":30,"time":1679490012268,"pid":10108,"hostname":"Pruk","msg":"Logged in Elysia[Ego] (950169287291711508) is Ready!"}
{"level":30,"time":1679490012268,"pid":10108,"hostname":"Pruk","msg":"Auto deploy enabled. Reading interaction files..."}
{"level":30,"time":1679490012965,"pid":10108,"hostname":"Pruk","msg":"Lavalink [For Elysia] connected."}
{"level":30,"time":1679490013099,"pid":10108,"hostname":"Pruk","msg":"Interactions deployed! Exiting auto deploy..."}
{"level":50,"time":1679490022054,"pid":10108,"hostname":"Pruk","msg":"Errored ::ReferenceError: Slashcommand is not defined"}
{"level":30,"time":1679490117021,"pid":13080,"hostname":"Pruk","msg":"Launched Cluster 0"}
{"level":30,"time":1679490117773,"pid":20100,"hostname":"Pruk","msg":"AntiCrash Events Loaded!"}
{"level":30,"time":1679490118102,"pid":20100,"hostname":"Pruk","msg":"Loaded 2 AutoRun events."}
{"level":30,"time":1679490118120,"pid":20100,"hostname":"Pruk","msg":"Client Events Loaded!"}
{"level":30,"time":1679490118233,"pid":20100,"hostname":"Pruk","msg":"Client 73 Commands Loaded!"}
{"level":30,"time":1679490118242,"pid":20100,"hostname":"Pruk","msg":"Player Events Loaded!"}
{"level":30,"time":1679490118247,"pid":20100,"hostname":"Pruk","msg":"Track Events Loaded!"}
{"level":30,"time":1679490118514,"pid":20100,"hostname":"Pruk","msg":"62 Interactions Loaded!"}
{"level":30,"time":1679490120249,"pid":20100,"hostname":"Pruk","msg":"Shard 0 has been spawn!"}
{"level":30,"time":1679490120266,"pid":20100,"hostname":"Pruk","msg":"Logged in Elysia[Ego] (950169287291711508) is Ready!"}
{"level":30,"time":1679490120269,"pid":20100,"hostname":"Pruk","msg":"Auto deploy enabled. Reading interaction files..."}
{"level":30,"time":1679490120937,"pid":20100,"hostname":"Pruk","msg":"Interactions deployed! Exiting auto deploy..."}
{"level":30,"time":1679490120964,"pid":20100,"hostname":"Pruk","msg":"Lavalink [For Elysia] connected."}
{"level":50,"time":1679490141672,"pid":20100,"hostname":"Pruk","msg":"Errored ::ReferenceError: Slashcommand is not defined"}
{"level":30,"time":1679490254566,"pid":11220,"hostname":"Pruk","msg":"Launched Cluster 0"}
{"level":30,"time":1679490255184,"pid":19360,"hostname":"Pruk","msg":"AntiCrash Events Loaded!"}
{"level":30,"time":1679490255540,"pid":19360,"hostname":"Pruk","msg":"Loaded 2 AutoRun events."}
{"level":30,"time":1679490255558,"pid":19360,"hostname":"Pruk","msg":"Client Events Loaded!"}
{"level":30,"time":1679490255665,"pid":19360,"hostname":"Pruk","msg":"Client 73 Commands Loaded!"}
{"level":30,"time":1679490255674,"pid":19360,"hostname":"Pruk","msg":"Player Events Loaded!"}
{"level":30,"time":1679490255678,"pid":19360,"hostname":"Pruk","msg":"Track Events Loaded!"}
{"level":30,"time":1679490255898,"pid":19360,"hostname":"Pruk","msg":"62 Interactions Loaded!"}
{"level":30,"time":1679490257700,"pid":19360,"hostname":"Pruk","msg":"Shard 0 has been spawn!"}
{"level":30,"time":1679490257717,"pid":19360,"hostname":"Pruk","msg":"Logged in Elysia[Ego] (950169287291711508) is Ready!"}
{"level":30,"time":1679490257721,"pid":19360,"hostname":"Pruk","msg":"Auto deploy enabled. Reading interaction files..."}
{"level":30,"time":1679490258393,"pid":19360,"hostname":"Pruk","msg":"Interactions deployed! Exiting auto deploy..."}
{"level":30,"time":1679490258424,"pid":19360,"hostname":"Pruk","msg":"Lavalink [For Elysia] connected."}
{"level":50,"time":1679490264541,"pid":19360,"hostname":"Pruk","msg":"Errored ::TypeError: Cannot read properties of undefined (reading 'bot')"}
{"level":30,"time":1679490314815,"pid":12812,"hostname":"Pruk","msg":"Launched Cluster 0"}
{"level":30,"time":1679490315578,"pid":14600,"hostname":"Pruk","msg":"AntiCrash Events Loaded!"}
{"level":30,"time":1679490316009,"pid":14600,"hostname":"Pruk","msg":"Loaded 2 AutoRun events."}
{"level":30,"time":1679490316030,"pid":14600,"hostname":"Pruk","msg":"Client Events Loaded!"}
{"level":30,"time":1679490316138,"pid":14600,"hostname":"Pruk","msg":"Client 73 Commands Loaded!"}
{"level":30,"time":1679490316147,"pid":14600,"hostname":"Pruk","msg":"Player Events Loaded!"}
{"level":30,"time":1679490316151,"pid":14600,"hostname":"Pruk","msg":"Track Events Loaded!"}
{"level":30,"time":1679490316340,"pid":14600,"hostname":"Pruk","msg":"62 Interactions Loaded!"}
{"level":30,"time":1679490318203,"pid":14600,"hostname":"Pruk","msg":"Shard 0 has been spawn!"}
{"level":30,"time":1679490318224,"pid":14600,"hostname":"Pruk","msg":"Logged in Elysia[Ego] (950169287291711508) is Ready!"}
{"level":30,"time":1679490318225,"pid":14600,"hostname":"Pruk","msg":"Auto deploy enabled. Reading interaction files..."}
{"level":30,"time":1679490318911,"pid":14600,"hostname":"Pruk","msg":"Interactions deployed! Exiting auto deploy..."}
{"level":30,"time":1679490319452,"pid":14600,"hostname":"Pruk","msg":"Lavalink [For Elysia] connected."}
{"level":30,"time":1679490408533,"pid":4776,"hostname":"Pruk","msg":"Launched Cluster 0"}
{"level":30,"time":1679490409125,"pid":8324,"hostname":"Pruk","msg":"AntiCrash Events Loaded!"}
{"level":30,"time":1679490409461,"pid":8324,"hostname":"Pruk","msg":"Loaded 2 AutoRun events."}
{"level":30,"time":1679490409481,"pid":8324,"hostname":"Pruk","msg":"Client Events Loaded!"}
{"level":30,"time":1679490409580,"pid":8324,"hostname":"Pruk","msg":"Client 73 Commands Loaded!"}
{"level":30,"time":1679490409590,"pid":8324,"hostname":"Pruk","msg":"Player Events Loaded!"}
{"level":30,"time":1679490409594,"pid":8324,"hostname":"Pruk","msg":"Track Events Loaded!"}
{"level":30,"time":1679490409779,"pid":8324,"hostname":"Pruk","msg":"62 Interactions Loaded!"}
{"level":30,"time":1679490411702,"pid":8324,"hostname":"Pruk","msg":"Shard 0 has been spawn!"}
{"level":30,"time":1679490411720,"pid":8324,"hostname":"Pruk","msg":"Logged in Elysia[Ego] (950169287291711508) is Ready!"}
{"level":30,"time":1679490411721,"pid":8324,"hostname":"Pruk","msg":"Auto deploy enabled. Reading interaction files..."}
{"level":30,"time":1679490412293,"pid":8324,"hostname":"Pruk","msg":"Interactions deployed! Exiting auto deploy..."}
{"level":30,"time":1679490412464,"pid":8324,"hostname":"Pruk","msg":"Lavalink [For Elysia] connected."}
{"level":30,"time":1679490460225,"pid":3280,"hostname":"Pruk","msg":"Launched Cluster 0"}
{"level":30,"time":1679490461033,"pid":12996,"hostname":"Pruk","msg":"AntiCrash Events Loaded!"}
{"level":30,"time":1679490461478,"pid":12996,"hostname":"Pruk","msg":"Loaded 2 AutoRun events."}
{"level":30,"time":1679490461500,"pid":12996,"hostname":"Pruk","msg":"Client Events Loaded!"}
{"level":30,"time":1679490461663,"pid":12996,"hostname":"Pruk","msg":"Client 73 Commands Loaded!"}
{"level":30,"time":1679490461681,"pid":12996,"hostname":"Pruk","msg":"Player Events Loaded!"}
{"level":30,"time":1679490461687,"pid":12996,"hostname":"Pruk","msg":"Track Events Loaded!"}
{"level":30,"time":1679490461968,"pid":12996,"hostname":"Pruk","msg":"62 Interactions Loaded!"}
{"level":30,"time":1679490463717,"pid":12996,"hostname":"Pruk","msg":"Shard 0 has been spawn!"}
{"level":30,"time":1679490463738,"pid":12996,"hostname":"Pruk","msg":"Logged in Elysia[Ego] (950169287291711508) is Ready!"}
{"level":30,"time":1679490463739,"pid":12996,"hostname":"Pruk","msg":"Auto deploy enabled. Reading interaction files..."}
{"level":30,"time":1679490464368,"pid":12996,"hostname":"Pruk","msg":"Interactions deployed! Exiting auto deploy..."}
{"level":30,"time":1679490464515,"pid":12996,"hostname":"Pruk","msg":"Lavalink [For Elysia] connected."}
{"level":30,"time":1679490503931,"pid":6692,"hostname":"Pruk","msg":"Launched Cluster 0"}
{"level":30,"time":1679490504577,"pid":4392,"hostname":"Pruk","msg":"AntiCrash Events Loaded!"}
{"level":30,"time":1679490504979,"pid":4392,"hostname":"Pruk","msg":"Loaded 2 AutoRun events."}
{"level":30,"time":1679490505000,"pid":4392,"hostname":"Pruk","msg":"Client Events Loaded!"}
{"level":30,"time":1679490505098,"pid":4392,"hostname":"Pruk","msg":"Client 73 Commands Loaded!"}
{"level":30,"time":1679490505131,"pid":4392,"hostname":"Pruk","msg":"Player Events Loaded!"}
{"level":30,"time":1679490505135,"pid":4392,"hostname":"Pruk","msg":"Track Events Loaded!"}
{"level":30,"time":1679490505332,"pid":4392,"hostname":"Pruk","msg":"62 Interactions Loaded!"}
{"level":30,"time":1679490507025,"pid":4392,"hostname":"Pruk","msg":"Shard 0 has been spawn!"}
{"level":30,"time":1679490507045,"pid":4392,"hostname":"Pruk","msg":"Logged in Elysia[Ego] (950169287291711508) is Ready!"}
{"level":30,"time":1679490507046,"pid":4392,"hostname":"Pruk","msg":"Auto deploy enabled. Reading interaction files..."}
{"level":30,"time":1679490507563,"pid":4392,"hostname":"Pruk","msg":"Interactions deployed! Exiting auto deploy..."}
{"level":30,"time":1679490507805,"pid":4392,"hostname":"Pruk","msg":"Lavalink [For Elysia] connected."}
{"level":30,"time":1679490621436,"pid":10548,"hostname":"Pruk","msg":"Launched Cluster 0"}
{"level":30,"time":1679490622100,"pid":19576,"hostname":"Pruk","msg":"AntiCrash Events Loaded!"}
{"level":30,"time":1679490622559,"pid":19576,"hostname":"Pruk","msg":"Loaded 2 AutoRun events."}
{"level":30,"time":1679490622579,"pid":19576,"hostname":"Pruk","msg":"Client Events Loaded!"}
{"level":30,"time":1679490622704,"pid":19576,"hostname":"Pruk","msg":"Client 73 Commands Loaded!"}
{"level":30,"time":1679490622715,"pid":19576,"hostname":"Pruk","msg":"Player Events Loaded!"}
{"level":30,"time":1679490622720,"pid":19576,"hostname":"Pruk","msg":"Track Events Loaded!"}
{"level":30,"time":1679490622962,"pid":19576,"hostname":"Pruk","msg":"62 Interactions Loaded!"}
{"level":30,"time":1679490624232,"pid":19576,"hostname":"Pruk","msg":"Shard 0 has been spawn!"}
{"level":30,"time":1679490624251,"pid":19576,"hostname":"Pruk","msg":"Logged in Elysia[Ego] (950169287291711508) is Ready!"}
{"level":30,"time":1679490624252,"pid":19576,"hostname":"Pruk","msg":"Auto deploy enabled. Reading interaction files..."}
{"level":30,"time":1679490624805,"pid":19576,"hostname":"Pruk","msg":"Interactions deployed! Exiting auto deploy..."}
{"level":30,"time":1679490624992,"pid":19576,"hostname":"Pruk","msg":"Lavalink [For Elysia] connected."}
