{"level":30,"time":1682247877061,"pid":21432,"hostname":"Pruk","msg":"Launched Cluster 0"}
{"level":30,"time":1682247877933,"pid":9524,"hostname":"Pruk","msg":"AntiCrash Events Loaded!"}
{"level":30,"time":1682247878896,"pid":9524,"hostname":"Pruk","msg":"Loaded 1 AutoRun events."}
{"level":30,"time":1682247878923,"pid":9524,"hostname":"Pruk","msg":"Client Events Loaded!"}
{"level":30,"time":1682247879173,"pid":9524,"hostname":"Pruk","msg":"Client 73 Commands Loaded!"}
{"level":30,"time":1682247879192,"pid":9524,"hostname":"Pruk","msg":"Player Events Loaded!"}
{"level":30,"time":1682247879202,"pid":9524,"hostname":"Pruk","msg":"Track Events Loaded!"}
{"level":30,"time":1682247879571,"pid":9524,"hostname":"Pruk","msg":"62 Interactions Loaded!"}
{"level":30,"time":1682247881345,"pid":9524,"hostname":"Pruk","msg":"Shard 0 has been spawn!"}
{"level":30,"time":1682247881389,"pid":9524,"hostname":"Pruk","msg":"Logged in Elysia[Ego] (950169287291711508) is Ready!"}
{"level":30,"time":1682247881392,"pid":9524,"hostname":"Pruk","msg":"Auto deploy enabled. Reading interaction files..."}
{"level":30,"time":1682247881975,"pid":9524,"hostname":"Pruk","msg":"Lavalink [For Elysia] connected."}
{"level":30,"time":1682247882281,"pid":9524,"hostname":"Pruk","msg":"Interactions deployed! Exiting auto deploy..."}
{"level":30,"time":1682247898888,"pid":11032,"hostname":"Pruk","msg":"Launched Cluster 0"}
{"level":30,"time":1682247900105,"pid":3240,"hostname":"Pruk","msg":"AntiCrash Events Loaded!"}
{"level":30,"time":1682247901130,"pid":3240,"hostname":"Pruk","msg":"Loaded 1 AutoRun events."}
{"level":30,"time":1682247901155,"pid":3240,"hostname":"Pruk","msg":"Client Events Loaded!"}
{"level":30,"time":1682247901294,"pid":3240,"hostname":"Pruk","msg":"Client 73 Commands Loaded!"}
{"level":30,"time":1682247901313,"pid":3240,"hostname":"Pruk","msg":"Player Events Loaded!"}
{"level":30,"time":1682247901319,"pid":3240,"hostname":"Pruk","msg":"Track Events Loaded!"}
{"level":30,"time":1682247901645,"pid":3240,"hostname":"Pruk","msg":"62 Interactions Loaded!"}
{"level":30,"time":1682247903257,"pid":3240,"hostname":"Pruk","msg":"Shard 0 has been spawn!"}
{"level":30,"time":1682247903289,"pid":3240,"hostname":"Pruk","msg":"Logged in Elysia[Ego] (950169287291711508) is Ready!"}
{"level":30,"time":1682247903290,"pid":3240,"hostname":"Pruk","msg":"Auto deploy enabled. Reading interaction files..."}
{"level":30,"time":1682247903872,"pid":3240,"hostname":"Pruk","msg":"Lavalink [For Elysia] connected."}
{"level":30,"time":1682247903877,"pid":3240,"hostname":"Pruk","msg":"Interactions deployed! Exiting auto deploy..."}
{"level":30,"time":1682247955547,"pid":1740,"hostname":"Pruk","msg":"Launched Cluster 0"}
{"level":30,"time":1682247956389,"pid":2292,"hostname":"Pruk","msg":"AntiCrash Events Loaded!"}
{"level":30,"time":1682247956994,"pid":2292,"hostname":"Pruk","msg":"Loaded 1 AutoRun events."}
{"level":30,"time":1682247957019,"pid":2292,"hostname":"Pruk","msg":"Client Events Loaded!"}
{"level":30,"time":1682247957150,"pid":2292,"hostname":"Pruk","msg":"Client 73 Commands Loaded!"}
{"level":30,"time":1682247957161,"pid":2292,"hostname":"Pruk","msg":"Player Events Loaded!"}
{"level":30,"time":1682247957166,"pid":2292,"hostname":"Pruk","msg":"Track Events Loaded!"}
{"level":30,"time":1682247957416,"pid":2292,"hostname":"Pruk","msg":"62 Interactions Loaded!"}
{"level":30,"time":1682247959234,"pid":2292,"hostname":"Pruk","msg":"Shard 0 has been spawn!"}
{"level":30,"time":1682247959257,"pid":2292,"hostname":"Pruk","msg":"Logged in Elysia[Ego] (950169287291711508) is Ready!"}
{"level":30,"time":1682247959260,"pid":2292,"hostname":"Pruk","msg":"Auto deploy enabled. Reading interaction files..."}
{"level":30,"time":1682247959699,"pid":2292,"hostname":"Pruk","msg":"Interactions deployed! Exiting auto deploy..."}
{"level":30,"time":1682247959817,"pid":2292,"hostname":"Pruk","msg":"Lavalink [For Elysia] connected."}
{"level":30,"time":1682248152100,"pid":9432,"hostname":"Pruk","msg":"Launched Cluster 0"}
{"level":30,"time":1682248152843,"pid":18760,"hostname":"Pruk","msg":"AntiCrash Events Loaded!"}
{"level":30,"time":1682248153477,"pid":18760,"hostname":"Pruk","msg":"Loaded 1 AutoRun events."}
{"level":30,"time":1682248153501,"pid":18760,"hostname":"Pruk","msg":"Client Events Loaded!"}
{"level":30,"time":1682248153627,"pid":18760,"hostname":"Pruk","msg":"Client 73 Commands Loaded!"}
{"level":30,"time":1682248153637,"pid":18760,"hostname":"Pruk","msg":"Player Events Loaded!"}
{"level":30,"time":1682248153642,"pid":18760,"hostname":"Pruk","msg":"Track Events Loaded!"}
{"level":30,"time":1682248153877,"pid":18760,"hostname":"Pruk","msg":"62 Interactions Loaded!"}
{"level":30,"time":1682248155361,"pid":18760,"hostname":"Pruk","msg":"Shard 0 has been spawn!"}
{"level":30,"time":1682248155382,"pid":18760,"hostname":"Pruk","msg":"Logged in Elysia[Ego] (950169287291711508) is Ready!"}
{"level":30,"time":1682248155384,"pid":18760,"hostname":"Pruk","msg":"Auto deploy enabled. Reading interaction files..."}
{"level":30,"time":1682248155861,"pid":18760,"hostname":"Pruk","msg":"Interactions deployed! Exiting auto deploy..."}
{"level":30,"time":1682248155978,"pid":18760,"hostname":"Pruk","msg":"Lavalink [For Elysia] connected."}
{"level":30,"time":1682248208499,"pid":19688,"hostname":"Pruk","msg":"Launched Cluster 0"}
{"level":30,"time":1682248209355,"pid":3684,"hostname":"Pruk","msg":"AntiCrash Events Loaded!"}
{"level":30,"time":1682248209987,"pid":3684,"hostname":"Pruk","msg":"Loaded 1 AutoRun events."}
{"level":30,"time":1682248210011,"pid":3684,"hostname":"Pruk","msg":"Client Events Loaded!"}
{"level":30,"time":1682248210137,"pid":3684,"hostname":"Pruk","msg":"Client 73 Commands Loaded!"}
{"level":30,"time":1682248210152,"pid":3684,"hostname":"Pruk","msg":"Player Events Loaded!"}
{"level":30,"time":1682248210156,"pid":3684,"hostname":"Pruk","msg":"Track Events Loaded!"}
{"level":30,"time":1682248210394,"pid":3684,"hostname":"Pruk","msg":"62 Interactions Loaded!"}
{"level":30,"time":1682248212140,"pid":3684,"hostname":"Pruk","msg":"Shard 0 has been spawn!"}
{"level":30,"time":1682248212163,"pid":3684,"hostname":"Pruk","msg":"Logged in Elysia[Ego] (950169287291711508) is Ready!"}
{"level":30,"time":1682248212167,"pid":3684,"hostname":"Pruk","msg":"Auto deploy enabled. Reading interaction files..."}
{"level":30,"time":1682248212736,"pid":3684,"hostname":"Pruk","msg":"Lavalink [For Elysia] connected."}
{"level":30,"time":1682248212779,"pid":3684,"hostname":"Pruk","msg":"Interactions deployed! Exiting auto deploy..."}
{"level":30,"time":1682248663309,"pid":3052,"hostname":"Pruk","msg":"Launched Cluster 0"}
{"level":30,"time":1682248663996,"pid":7572,"hostname":"Pruk","msg":"AntiCrash Events Loaded!"}
{"level":30,"time":1682248664538,"pid":7572,"hostname":"Pruk","msg":"Loaded 1 AutoRun events."}
{"level":30,"time":1682248664559,"pid":7572,"hostname":"Pruk","msg":"Client Events Loaded!"}
{"level":30,"time":1682248664672,"pid":7572,"hostname":"Pruk","msg":"Client 73 Commands Loaded!"}
{"level":30,"time":1682248664686,"pid":7572,"hostname":"Pruk","msg":"Player Events Loaded!"}
{"level":30,"time":1682248664690,"pid":7572,"hostname":"Pruk","msg":"Track Events Loaded!"}
{"level":30,"time":1682248664955,"pid":7572,"hostname":"Pruk","msg":"62 Interactions Loaded!"}
{"level":30,"time":1682248666351,"pid":7572,"hostname":"Pruk","msg":"Shard 0 has been spawn!"}
{"level":30,"time":1682248666372,"pid":7572,"hostname":"Pruk","msg":"Logged in Elysia[Ego] (950169287291711508) is Ready!"}
{"level":30,"time":1682248666373,"pid":7572,"hostname":"Pruk","msg":"Auto deploy enabled. Reading interaction files..."}
{"level":30,"time":1682248666836,"pid":7572,"hostname":"Pruk","msg":"Interactions deployed! Exiting auto deploy..."}
{"level":30,"time":1682248666962,"pid":7572,"hostname":"Pruk","msg":"Lavalink [For Elysia] connected."}
{"level":50,"time":1682248669652,"pid":7572,"hostname":"Pruk","err":{"type":"TypeError","message":"Cannot read properties of undefined (reading 'is_video')","stack":"TypeError: Cannot read properties of undefined (reading 'is_video')\n    at C:\\Users\\a0847\\Desktop\\14\\AutoRun\\mutireddit.js:96:38\n    at Listing.forEach (<anonymous>)\n    at C:\\Users\\a0847\\Desktop\\14\\AutoRun\\mutireddit.js:61:31\n    at tryCatcher (C:\\Users\\a0847\\Desktop\\14\\node_modules\\bluebird\\js\\release\\util.js:16:23)\n    at Promise._settlePromiseFromHandler (C:\\Users\\a0847\\Desktop\\14\\node_modules\\bluebird\\js\\release\\promise.js:547:31)\n    at Promise._settlePromise (C:\\Users\\a0847\\Desktop\\14\\node_modules\\bluebird\\js\\release\\promise.js:604:18)\n    at Promise._settlePromise0 (C:\\Users\\a0847\\Desktop\\14\\node_modules\\bluebird\\js\\release\\promise.js:649:10)\n    at Promise._settlePromises (C:\\Users\\a0847\\Desktop\\14\\node_modules\\bluebird\\js\\release\\promise.js:729:18)\n    at _drainQueueStep (C:\\Users\\a0847\\Desktop\\14\\node_modules\\bluebird\\js\\release\\async.js:93:12)\n    at _drainQueue (C:\\Users\\a0847\\Desktop\\14\\node_modules\\bluebird\\js\\release\\async.js:86:9)\n    at Async._drainQueues (C:\\Users\\a0847\\Desktop\\14\\node_modules\\bluebird\\js\\release\\async.js:102:5)\n    at Immediate.Async.drainQueues (C:\\Users\\a0847\\Desktop\\14\\node_modules\\bluebird\\js\\release\\async.js:15:14)\n    at processImmediate (node:internal/timers:466:21)"},"msg":"Unhandled Rejection: Cannot read properties of undefined (reading 'is_video')"}
{"level":30,"time":1682248750212,"pid":3708,"hostname":"Pruk","msg":"Launched Cluster 0"}
{"level":30,"time":1682248750943,"pid":2412,"hostname":"Pruk","msg":"AntiCrash Events Loaded!"}
{"level":30,"time":1682248751481,"pid":2412,"hostname":"Pruk","msg":"Loaded 1 AutoRun events."}
{"level":30,"time":1682248751500,"pid":2412,"hostname":"Pruk","msg":"Client Events Loaded!"}
{"level":30,"time":1682248751619,"pid":2412,"hostname":"Pruk","msg":"Client 73 Commands Loaded!"}
{"level":30,"time":1682248751631,"pid":2412,"hostname":"Pruk","msg":"Player Events Loaded!"}
{"level":30,"time":1682248751635,"pid":2412,"hostname":"Pruk","msg":"Track Events Loaded!"}
{"level":30,"time":1682248751854,"pid":2412,"hostname":"Pruk","msg":"62 Interactions Loaded!"}
{"level":30,"time":1682248753245,"pid":2412,"hostname":"Pruk","msg":"Shard 0 has been spawn!"}
{"level":30,"time":1682248753268,"pid":2412,"hostname":"Pruk","msg":"Logged in Elysia[Ego] (950169287291711508) is Ready!"}
{"level":30,"time":1682248753269,"pid":2412,"hostname":"Pruk","msg":"Auto deploy enabled. Reading interaction files..."}
{"level":30,"time":1682248753814,"pid":2412,"hostname":"Pruk","msg":"Interactions deployed! Exiting auto deploy..."}
{"level":30,"time":1682248753870,"pid":2412,"hostname":"Pruk","msg":"Lavalink [For Elysia] connected."}
{"level":30,"time":1682248768068,"pid":8616,"hostname":"Pruk","msg":"Launched Cluster 0"}
{"level":30,"time":1682248768763,"pid":13940,"hostname":"Pruk","msg":"AntiCrash Events Loaded!"}
{"level":30,"time":1682248769306,"pid":13940,"hostname":"Pruk","msg":"Loaded 1 AutoRun events."}
{"level":30,"time":1682248769330,"pid":13940,"hostname":"Pruk","msg":"Client Events Loaded!"}
{"level":30,"time":1682248769446,"pid":13940,"hostname":"Pruk","msg":"Client 73 Commands Loaded!"}
{"level":30,"time":1682248769458,"pid":13940,"hostname":"Pruk","msg":"Player Events Loaded!"}
{"level":30,"time":1682248769463,"pid":13940,"hostname":"Pruk","msg":"Track Events Loaded!"}
{"level":30,"time":1682248769683,"pid":13940,"hostname":"Pruk","msg":"62 Interactions Loaded!"}
{"level":30,"time":1682248771574,"pid":13940,"hostname":"Pruk","msg":"Shard 0 has been spawn!"}
{"level":30,"time":1682248771593,"pid":13940,"hostname":"Pruk","msg":"Logged in Elysia[Ego] (950169287291711508) is Ready!"}
{"level":30,"time":1682248771594,"pid":13940,"hostname":"Pruk","msg":"Auto deploy enabled. Reading interaction files..."}
{"level":30,"time":1682248772140,"pid":13940,"hostname":"Pruk","msg":"Interactions deployed! Exiting auto deploy..."}
{"level":30,"time":1682248773839,"pid":13940,"hostname":"Pruk","msg":"Lavalink [For Elysia] connected."}
{"level":30,"time":1682248896986,"pid":12812,"hostname":"Pruk","msg":"Launched Cluster 0"}
{"level":30,"time":1682248897886,"pid":12980,"hostname":"Pruk","msg":"AntiCrash Events Loaded!"}
{"level":30,"time":1682248898738,"pid":12980,"hostname":"Pruk","msg":"Loaded 1 AutoRun events."}
{"level":30,"time":1682248898770,"pid":12980,"hostname":"Pruk","msg":"Client Events Loaded!"}
{"level":30,"time":1682248898949,"pid":12980,"hostname":"Pruk","msg":"Client 73 Commands Loaded!"}
{"level":30,"time":1682248898968,"pid":12980,"hostname":"Pruk","msg":"Player Events Loaded!"}
{"level":30,"time":1682248898975,"pid":12980,"hostname":"Pruk","msg":"Track Events Loaded!"}
{"level":30,"time":1682248899345,"pid":12980,"hostname":"Pruk","msg":"62 Interactions Loaded!"}
{"level":30,"time":1682248900843,"pid":12980,"hostname":"Pruk","msg":"Shard 0 has been spawn!"}
{"level":30,"time":1682248900878,"pid":12980,"hostname":"Pruk","msg":"Logged in Elysia[Ego] (950169287291711508) is Ready!"}
{"level":30,"time":1682248900880,"pid":12980,"hostname":"Pruk","msg":"Auto deploy enabled. Reading interaction files..."}
{"level":30,"time":1682248901444,"pid":12980,"hostname":"Pruk","msg":"Lavalink [For Elysia] connected."}
{"level":30,"time":1682248901462,"pid":12980,"hostname":"Pruk","msg":"Interactions deployed! Exiting auto deploy..."}
