{"level":30,"time":1682311350335,"pid":22332,"hostname":"Pruk","msg":"Launched Cluster 0"}
{"level":30,"time":1682311351559,"pid":2620,"hostname":"Pruk","msg":"AntiCrash Events Loaded!"}
{"level":30,"time":1682311352928,"pid":2620,"hostname":"Pruk","msg":"Loaded 1 AutoRun events."}
{"level":30,"time":1682311352960,"pid":2620,"hostname":"Pruk","msg":"Client Events Loaded!"}
{"level":30,"time":1682311353282,"pid":2620,"hostname":"Pruk","msg":"Client 73 Commands Loaded!"}
{"level":30,"time":1682311353304,"pid":2620,"hostname":"Pruk","msg":"Player Events Loaded!"}
{"level":30,"time":1682311353314,"pid":2620,"hostname":"Pruk","msg":"Track Events Loaded!"}
{"level":30,"time":1682311353648,"pid":2620,"hostname":"Pruk","msg":"62 Interactions Loaded!"}
{"level":30,"time":1682311355597,"pid":2620,"hostname":"Pruk","msg":"Shard 0 has been spawn!"}
{"level":30,"time":1682311355658,"pid":2620,"hostname":"Pruk","msg":"Logged in Elysia[Ego] (950169287291711508) is Ready!"}
{"level":30,"time":1682311355660,"pid":2620,"hostname":"Pruk","msg":"Auto deploy enabled. Reading interaction files..."}
{"level":30,"time":1682311356253,"pid":2620,"hostname":"Pruk","msg":"Lavalink [For Elysia] connected."}
{"level":30,"time":1682311356343,"pid":2620,"hostname":"Pruk","msg":"Interactions deployed! Exiting auto deploy..."}
{"level":30,"time":1682311391426,"pid":9420,"hostname":"Pruk","msg":"Launched Cluster 0"}
{"level":30,"time":1682311392708,"pid":11272,"hostname":"Pruk","msg":"AntiCrash Events Loaded!"}
{"level":30,"time":1682311393625,"pid":11272,"hostname":"Pruk","msg":"Loaded 1 AutoRun events."}
{"level":30,"time":1682311393658,"pid":11272,"hostname":"Pruk","msg":"Client Events Loaded!"}
{"level":30,"time":1682311393850,"pid":11272,"hostname":"Pruk","msg":"Client 73 Commands Loaded!"}
{"level":30,"time":1682311393864,"pid":11272,"hostname":"Pruk","msg":"Player Events Loaded!"}
{"level":30,"time":1682311393872,"pid":11272,"hostname":"Pruk","msg":"Track Events Loaded!"}
{"level":30,"time":1682311394212,"pid":11272,"hostname":"Pruk","msg":"62 Interactions Loaded!"}
{"level":30,"time":1682311396026,"pid":11272,"hostname":"Pruk","msg":"Shard 0 has been spawn!"}
{"level":30,"time":1682311396059,"pid":11272,"hostname":"Pruk","msg":"Logged in Elysia[Ego] (950169287291711508) is Ready!"}
{"level":30,"time":1682311396060,"pid":11272,"hostname":"Pruk","msg":"Auto deploy enabled. Reading interaction files..."}
{"level":30,"time":1682311396614,"pid":11272,"hostname":"Pruk","msg":"Interactions deployed! Exiting auto deploy..."}
{"level":30,"time":1682311396650,"pid":11272,"hostname":"Pruk","msg":"Lavalink [For Elysia] connected."}
{"level":30,"time":1682311415449,"pid":13488,"hostname":"Pruk","msg":"Launched Cluster 0"}
{"level":30,"time":1682311416307,"pid":13920,"hostname":"Pruk","msg":"AntiCrash Events Loaded!"}
{"level":30,"time":1682311416988,"pid":13920,"hostname":"Pruk","msg":"Loaded 1 AutoRun events."}
{"level":30,"time":1682311417013,"pid":13920,"hostname":"Pruk","msg":"Client Events Loaded!"}
{"level":30,"time":1682311417186,"pid":13920,"hostname":"Pruk","msg":"Client 73 Commands Loaded!"}
{"level":30,"time":1682311417199,"pid":13920,"hostname":"Pruk","msg":"Player Events Loaded!"}
{"level":30,"time":1682311417204,"pid":13920,"hostname":"Pruk","msg":"Track Events Loaded!"}
{"level":30,"time":1682311417503,"pid":13920,"hostname":"Pruk","msg":"62 Interactions Loaded!"}
{"level":30,"time":1682311419372,"pid":13920,"hostname":"Pruk","msg":"Shard 0 has been spawn!"}
{"level":30,"time":1682311419400,"pid":13920,"hostname":"Pruk","msg":"Logged in Elysia[Ego] (950169287291711508) is Ready!"}
{"level":30,"time":1682311419401,"pid":13920,"hostname":"Pruk","msg":"Auto deploy enabled. Reading interaction files..."}
{"level":30,"time":1682311419843,"pid":13920,"hostname":"Pruk","msg":"Interactions deployed! Exiting auto deploy..."}
{"level":30,"time":1682311419946,"pid":13920,"hostname":"Pruk","msg":"Lavalink [For Elysia] connected."}
{"level":30,"time":1682311453074,"pid":8656,"hostname":"Pruk","msg":"Launched Cluster 0"}
{"level":30,"time":1682311453950,"pid":22140,"hostname":"Pruk","msg":"AntiCrash Events Loaded!"}
{"level":30,"time":1682311454646,"pid":22140,"hostname":"Pruk","msg":"Loaded 1 AutoRun events."}
{"level":30,"time":1682311454678,"pid":22140,"hostname":"Pruk","msg":"Client Events Loaded!"}
{"level":30,"time":1682311454829,"pid":22140,"hostname":"Pruk","msg":"Client 73 Commands Loaded!"}
{"level":30,"time":1682311454843,"pid":22140,"hostname":"Pruk","msg":"Player Events Loaded!"}
{"level":30,"time":1682311454848,"pid":22140,"hostname":"Pruk","msg":"Track Events Loaded!"}
{"level":30,"time":1682311455111,"pid":22140,"hostname":"Pruk","msg":"62 Interactions Loaded!"}
{"level":30,"time":1682311456922,"pid":22140,"hostname":"Pruk","msg":"Shard 0 has been spawn!"}
{"level":30,"time":1682311456956,"pid":22140,"hostname":"Pruk","msg":"Logged in Elysia[Ego] (950169287291711508) is Ready!"}
{"level":30,"time":1682311456958,"pid":22140,"hostname":"Pruk","msg":"Auto deploy enabled. Reading interaction files..."}
{"level":30,"time":1682311457440,"pid":22140,"hostname":"Pruk","msg":"Interactions deployed! Exiting auto deploy..."}
{"level":30,"time":1682311457579,"pid":22140,"hostname":"Pruk","msg":"Lavalink [For Elysia] connected."}
{"level":30,"time":1682311602479,"pid":4832,"hostname":"Pruk","msg":"Launched Cluster 0"}
{"level":30,"time":1682311603554,"pid":21952,"hostname":"Pruk","msg":"AntiCrash Events Loaded!"}
{"level":30,"time":1682311604489,"pid":21952,"hostname":"Pruk","msg":"Loaded 1 AutoRun events."}
{"level":30,"time":1682311604528,"pid":21952,"hostname":"Pruk","msg":"Client Events Loaded!"}
{"level":30,"time":1682311604757,"pid":21952,"hostname":"Pruk","msg":"Client 73 Commands Loaded!"}
{"level":30,"time":1682311604777,"pid":21952,"hostname":"Pruk","msg":"Player Events Loaded!"}
{"level":30,"time":1682311604785,"pid":21952,"hostname":"Pruk","msg":"Track Events Loaded!"}
{"level":30,"time":1682311605107,"pid":21952,"hostname":"Pruk","msg":"62 Interactions Loaded!"}
{"level":30,"time":1682311606925,"pid":21952,"hostname":"Pruk","msg":"Shard 0 has been spawn!"}
{"level":30,"time":1682311606957,"pid":21952,"hostname":"Pruk","msg":"Logged in Elysia[Ego] (950169287291711508) is Ready!"}
{"level":30,"time":1682311606958,"pid":21952,"hostname":"Pruk","msg":"Auto deploy enabled. Reading interaction files..."}
{"level":30,"time":1682311607456,"pid":21952,"hostname":"Pruk","msg":"Interactions deployed! Exiting auto deploy..."}
{"level":30,"time":1682311607581,"pid":21952,"hostname":"Pruk","msg":"Lavalink [For Elysia] connected."}
{"level":30,"time":1682331079590,"pid":18000,"hostname":"Pruk","msg":"Launched Cluster 0"}
{"level":30,"time":1682331080709,"pid":9956,"hostname":"Pruk","msg":"AntiCrash Events Loaded!"}
{"level":30,"time":1682331082050,"pid":9956,"hostname":"Pruk","msg":"Loaded 1 AutoRun events."}
{"level":30,"time":1682331082088,"pid":9956,"hostname":"Pruk","msg":"Client Events Loaded!"}
{"level":30,"time":1682331082355,"pid":9956,"hostname":"Pruk","msg":"Client 73 Commands Loaded!"}
{"level":30,"time":1682331082381,"pid":9956,"hostname":"Pruk","msg":"Player Events Loaded!"}
{"level":30,"time":1682331082390,"pid":9956,"hostname":"Pruk","msg":"Track Events Loaded!"}
{"level":50,"time":1682331082495,"pid":9956,"hostname":"Pruk","err":{"type":"Error","message":"require() of ES Module C:\\Users\\a0847\\Desktop\\14\\node_modules\\midjourney-client\\index.js from C:\\Users\\a0847\\Desktop\\14\\Slashcommand\\config\\imagine.js not supported.\nInstead change the require of index.js in C:\\Users\\a0847\\Desktop\\14\\Slashcommand\\config\\imagine.js to a dynamic import() which is available in all CommonJS modules.","stack":"Error [ERR_REQUIRE_ESM]: require() of ES Module C:\\Users\\a0847\\Desktop\\14\\node_modules\\midjourney-client\\index.js from C:\\Users\\a0847\\Desktop\\14\\Slashcommand\\config\\imagine.js not supported.\nInstead change the require of index.js in C:\\Users\\a0847\\Desktop\\14\\Slashcommand\\config\\imagine.js to a dynamic import() which is available in all CommonJS modules.\n    at Object.<anonymous> (C:\\Users\\a0847\\Desktop\\14\\Slashcommand\\config\\imagine.js:2:20)\n    at C:\\Users\\a0847\\Desktop\\14\\handlers\\loadSlashcommand.js:11:23\n    at Object.next (C:\\Users\\a0847\\Desktop\\14\\node_modules\\chillout\\src\\iterator.js:16:32)\n    at Immediate.doIterate [as _onImmediate] (C:\\Users\\a0847\\Desktop\\14\\node_modules\\chillout\\src\\iterate.js:17:38)","code":"ERR_REQUIRE_ESM"},"msg":"Unhandled Rejection: require() of ES Module C:\\Users\\a0847\\Desktop\\14\\node_modules\\midjourney-client\\index.js from C:\\Users\\a0847\\Desktop\\14\\Slashcommand\\config\\imagine.js not supported.\nInstead change the require of index.js in C:\\Users\\a0847\\Desktop\\14\\Slashcommand\\config\\imagine.js to a dynamic import() which is available in all CommonJS modules."}
{"level":30,"time":1682331084837,"pid":9956,"hostname":"Pruk","msg":"Shard 0 has been spawn!"}
{"level":30,"time":1682331084901,"pid":9956,"hostname":"Pruk","msg":"Logged in Elysia[Ego] (950169287291711508) is Ready!"}
{"level":30,"time":1682331084903,"pid":9956,"hostname":"Pruk","msg":"Auto deploy enabled. Reading interaction files..."}
{"level":50,"time":1682331084913,"pid":9956,"hostname":"Pruk","err":{"type":"Error","message":"require() of ES Module C:\\Users\\a0847\\Desktop\\14\\node_modules\\midjourney-client\\index.js from C:\\Users\\a0847\\Desktop\\14\\Slashcommand\\config\\imagine.js not supported.\nInstead change the require of index.js in C:\\Users\\a0847\\Desktop\\14\\Slashcommand\\config\\imagine.js to a dynamic import() which is available in all CommonJS modules.","stack":"Error [ERR_REQUIRE_ESM]: require() of ES Module C:\\Users\\a0847\\Desktop\\14\\node_modules\\midjourney-client\\index.js from C:\\Users\\a0847\\Desktop\\14\\Slashcommand\\config\\imagine.js not supported.\nInstead change the require of index.js in C:\\Users\\a0847\\Desktop\\14\\Slashcommand\\config\\imagine.js to a dynamic import() which is available in all CommonJS modules.\n    at Object.<anonymous> (C:\\Users\\a0847\\Desktop\\14\\Slashcommand\\config\\imagine.js:2:20)\n    at C:\\Users\\a0847\\Desktop\\14\\plugins\\autoDeploy.js:30:17\n    at Object.next (C:\\Users\\a0847\\Desktop\\14\\node_modules\\chillout\\src\\iterator.js:16:32)\n    at Immediate.doIterate [as _onImmediate] (C:\\Users\\a0847\\Desktop\\14\\node_modules\\chillout\\src\\iterate.js:17:38)","code":"ERR_REQUIRE_ESM"},"msg":"Unhandled Rejection: require() of ES Module C:\\Users\\a0847\\Desktop\\14\\node_modules\\midjourney-client\\index.js from C:\\Users\\a0847\\Desktop\\14\\Slashcommand\\config\\imagine.js not supported.\nInstead change the require of index.js in C:\\Users\\a0847\\Desktop\\14\\Slashcommand\\config\\imagine.js to a dynamic import() which is available in all CommonJS modules."}
{"level":30,"time":1682331085516,"pid":9956,"hostname":"Pruk","msg":"Lavalink [For Elysia] connected."}
{"level":50,"time":1682331088009,"pid":9956,"hostname":"Pruk","err":{"type":"ReferenceError","message":"data is not defined","stack":"ReferenceError: data is not defined\n    at C:\\Users\\a0847\\Desktop\\14\\AutoRun\\mutireddit.js:216:121\n    at Listing.forEach (<anonymous>)\n    at C:\\Users\\a0847\\Desktop\\14\\AutoRun\\mutireddit.js:60:31\n    at tryCatcher (C:\\Users\\a0847\\Desktop\\14\\node_modules\\bluebird\\js\\release\\util.js:16:23)\n    at Promise._settlePromiseFromHandler (C:\\Users\\a0847\\Desktop\\14\\node_modules\\bluebird\\js\\release\\promise.js:547:31)\n    at Promise._settlePromise (C:\\Users\\a0847\\Desktop\\14\\node_modules\\bluebird\\js\\release\\promise.js:604:18)\n    at Promise._settlePromise0 (C:\\Users\\a0847\\Desktop\\14\\node_modules\\bluebird\\js\\release\\promise.js:649:10)\n    at Promise._settlePromises (C:\\Users\\a0847\\Desktop\\14\\node_modules\\bluebird\\js\\release\\promise.js:729:18)\n    at _drainQueueStep (C:\\Users\\a0847\\Desktop\\14\\node_modules\\bluebird\\js\\release\\async.js:93:12)\n    at _drainQueue (C:\\Users\\a0847\\Desktop\\14\\node_modules\\bluebird\\js\\release\\async.js:86:9)\n    at Async._drainQueues (C:\\Users\\a0847\\Desktop\\14\\node_modules\\bluebird\\js\\release\\async.js:102:5)\n    at Immediate.Async.drainQueues (C:\\Users\\a0847\\Desktop\\14\\node_modules\\bluebird\\js\\release\\async.js:15:14)\n    at processImmediate (node:internal/timers:466:21)"},"msg":"Unhandled Rejection: data is not defined"}
{"level":30,"time":1682331119175,"pid":20232,"hostname":"Pruk","msg":"Launched Cluster 0"}
{"level":30,"time":1682331120092,"pid":14888,"hostname":"Pruk","msg":"AntiCrash Events Loaded!"}
{"level":30,"time":1682331120862,"pid":14888,"hostname":"Pruk","msg":"Loaded 1 AutoRun events."}
{"level":30,"time":1682331120893,"pid":14888,"hostname":"Pruk","msg":"Client Events Loaded!"}
{"level":30,"time":1682331121047,"pid":14888,"hostname":"Pruk","msg":"Client 73 Commands Loaded!"}
{"level":30,"time":1682331121064,"pid":14888,"hostname":"Pruk","msg":"Player Events Loaded!"}
{"level":30,"time":1682331121069,"pid":14888,"hostname":"Pruk","msg":"Track Events Loaded!"}
{"level":50,"time":1682331121154,"pid":14888,"hostname":"Pruk","err":{"type":"SyntaxError","message":"Cannot use import statement outside a module","stack":"C:\\Users\\a0847\\Desktop\\14\\Slashcommand\\config\\imagine.js:2\nimport midjourney from \"midjourney-client\"\n^^^^^^\n\nSyntaxError: Cannot use import statement outside a module\n    at Object.compileFunction (node:vm:352:18)\n    at wrapSafe (node:internal/modules/cjs/loader:1027:15)\n    at Module._compile (node:internal/modules/cjs/loader:1063:27)\n    at Object.Module._extensions..js (node:internal/modules/cjs/loader:1153:10)\n    at Module.load (node:internal/modules/cjs/loader:975:32)\n    at Function.Module._load (node:internal/modules/cjs/loader:822:12)\n    at Module.require (node:internal/modules/cjs/loader:999:19)\n    at require (node:internal/modules/cjs/helpers:102:18)\n    at C:\\Users\\a0847\\Desktop\\14\\handlers\\loadSlashcommand.js:11:23\n    at Object.next (C:\\Users\\a0847\\Desktop\\14\\node_modules\\chillout\\src\\iterator.js:16:32)\n    at Immediate.doIterate [as _onImmediate] (C:\\Users\\a0847\\Desktop\\14\\node_modules\\chillout\\src\\iterate.js:17:38)\n    at processImmediate (node:internal/timers:466:21)"},"msg":"Unhandled Rejection: Cannot use import statement outside a module"}
{"level":30,"time":1682331122567,"pid":14888,"hostname":"Pruk","msg":"Shard 0 has been spawn!"}
{"level":30,"time":1682331122595,"pid":14888,"hostname":"Pruk","msg":"Logged in Elysia[Ego] (950169287291711508) is Ready!"}
{"level":30,"time":1682331122596,"pid":14888,"hostname":"Pruk","msg":"Auto deploy enabled. Reading interaction files..."}
{"level":50,"time":1682331122599,"pid":14888,"hostname":"Pruk","err":{"type":"SyntaxError","message":"Cannot use import statement outside a module","stack":"C:\\Users\\a0847\\Desktop\\14\\Slashcommand\\config\\imagine.js:2\nimport midjourney from \"midjourney-client\"\n^^^^^^\n\nSyntaxError: Cannot use import statement outside a module\n    at Object.compileFunction (node:vm:352:18)\n    at wrapSafe (node:internal/modules/cjs/loader:1027:15)\n    at Module._compile (node:internal/modules/cjs/loader:1063:27)\n    at Object.Module._extensions..js (node:internal/modules/cjs/loader:1153:10)\n    at Module.load (node:internal/modules/cjs/loader:975:32)\n    at Function.Module._load (node:internal/modules/cjs/loader:822:12)\n    at Module.require (node:internal/modules/cjs/loader:999:19)\n    at require (node:internal/modules/cjs/helpers:102:18)\n    at C:\\Users\\a0847\\Desktop\\14\\plugins\\autoDeploy.js:30:17\n    at Object.next (C:\\Users\\a0847\\Desktop\\14\\node_modules\\chillout\\src\\iterator.js:16:32)\n    at Immediate.doIterate [as _onImmediate] (C:\\Users\\a0847\\Desktop\\14\\node_modules\\chillout\\src\\iterate.js:17:38)\n    at processImmediate (node:internal/timers:466:21)"},"msg":"Unhandled Rejection: Cannot use import statement outside a module"}
{"level":30,"time":1682331123166,"pid":14888,"hostname":"Pruk","msg":"Lavalink [For Elysia] connected."}
{"level":50,"time":1682331125480,"pid":14888,"hostname":"Pruk","err":{"type":"ReferenceError","message":"data is not defined","stack":"ReferenceError: data is not defined\n    at C:\\Users\\a0847\\Desktop\\14\\AutoRun\\mutireddit.js:216:121\n    at Listing.forEach (<anonymous>)\n    at C:\\Users\\a0847\\Desktop\\14\\AutoRun\\mutireddit.js:60:31\n    at tryCatcher (C:\\Users\\a0847\\Desktop\\14\\node_modules\\bluebird\\js\\release\\util.js:16:23)\n    at Promise._settlePromiseFromHandler (C:\\Users\\a0847\\Desktop\\14\\node_modules\\bluebird\\js\\release\\promise.js:547:31)\n    at Promise._settlePromise (C:\\Users\\a0847\\Desktop\\14\\node_modules\\bluebird\\js\\release\\promise.js:604:18)\n    at Promise._settlePromise0 (C:\\Users\\a0847\\Desktop\\14\\node_modules\\bluebird\\js\\release\\promise.js:649:10)\n    at Promise._settlePromises (C:\\Users\\a0847\\Desktop\\14\\node_modules\\bluebird\\js\\release\\promise.js:729:18)\n    at _drainQueueStep (C:\\Users\\a0847\\Desktop\\14\\node_modules\\bluebird\\js\\release\\async.js:93:12)\n    at _drainQueue (C:\\Users\\a0847\\Desktop\\14\\node_modules\\bluebird\\js\\release\\async.js:86:9)\n    at Async._drainQueues (C:\\Users\\a0847\\Desktop\\14\\node_modules\\bluebird\\js\\release\\async.js:102:5)\n    at Immediate.Async.drainQueues (C:\\Users\\a0847\\Desktop\\14\\node_modules\\bluebird\\js\\release\\async.js:15:14)\n    at processImmediate (node:internal/timers:466:21)"},"msg":"Unhandled Rejection: data is not defined"}
{"level":30,"time":1682331236600,"pid":7620,"hostname":"Pruk","msg":"Launched Cluster 0"}
{"level":30,"time":1682331237513,"pid":6728,"hostname":"Pruk","msg":"AntiCrash Events Loaded!"}
{"level":30,"time":1682331238252,"pid":6728,"hostname":"Pruk","msg":"Loaded 1 AutoRun events."}
{"level":30,"time":1682331238276,"pid":6728,"hostname":"Pruk","msg":"Client Events Loaded!"}
{"level":30,"time":1682331238425,"pid":6728,"hostname":"Pruk","msg":"Client 73 Commands Loaded!"}
{"level":30,"time":1682331238438,"pid":6728,"hostname":"Pruk","msg":"Player Events Loaded!"}
{"level":30,"time":1682331238444,"pid":6728,"hostname":"Pruk","msg":"Track Events Loaded!"}
{"level":30,"time":1682331238753,"pid":6728,"hostname":"Pruk","msg":"63 Interactions Loaded!"}
{"level":30,"time":1682331240631,"pid":6728,"hostname":"Pruk","msg":"Shard 0 has been spawn!"}
{"level":30,"time":1682331240657,"pid":6728,"hostname":"Pruk","msg":"Logged in Elysia[Ego] (950169287291711508) is Ready!"}
{"level":30,"time":1682331240658,"pid":6728,"hostname":"Pruk","msg":"Auto deploy enabled. Reading interaction files..."}
{"level":30,"time":1682331241234,"pid":6728,"hostname":"Pruk","msg":"Lavalink [For Elysia] connected."}
{"level":30,"time":1682331241253,"pid":6728,"hostname":"Pruk","msg":"Interactions deployed! Exiting auto deploy..."}
{"level":50,"time":1682331243886,"pid":6728,"hostname":"Pruk","err":{"type":"ReferenceError","message":"data is not defined","stack":"ReferenceError: data is not defined\n    at C:\\Users\\a0847\\Desktop\\14\\AutoRun\\mutireddit.js:215:121\n    at Listing.forEach (<anonymous>)\n    at C:\\Users\\a0847\\Desktop\\14\\AutoRun\\mutireddit.js:60:31\n    at tryCatcher (C:\\Users\\a0847\\Desktop\\14\\node_modules\\bluebird\\js\\release\\util.js:16:23)\n    at Promise._settlePromiseFromHandler (C:\\Users\\a0847\\Desktop\\14\\node_modules\\bluebird\\js\\release\\promise.js:547:31)\n    at Promise._settlePromise (C:\\Users\\a0847\\Desktop\\14\\node_modules\\bluebird\\js\\release\\promise.js:604:18)\n    at Promise._settlePromise0 (C:\\Users\\a0847\\Desktop\\14\\node_modules\\bluebird\\js\\release\\promise.js:649:10)\n    at Promise._settlePromises (C:\\Users\\a0847\\Desktop\\14\\node_modules\\bluebird\\js\\release\\promise.js:729:18)\n    at _drainQueueStep (C:\\Users\\a0847\\Desktop\\14\\node_modules\\bluebird\\js\\release\\async.js:93:12)\n    at _drainQueue (C:\\Users\\a0847\\Desktop\\14\\node_modules\\bluebird\\js\\release\\async.js:86:9)\n    at Async._drainQueues (C:\\Users\\a0847\\Desktop\\14\\node_modules\\bluebird\\js\\release\\async.js:102:5)\n    at Immediate.Async.drainQueues (C:\\Users\\a0847\\Desktop\\14\\node_modules\\bluebird\\js\\release\\async.js:15:14)\n    at processImmediate (node:internal/timers:466:21)"},"msg":"Unhandled Rejection: data is not defined"}
{"level":30,"time":1682331328083,"pid":19636,"hostname":"Pruk","msg":"Launched Cluster 0"}
{"level":30,"time":1682331329114,"pid":7364,"hostname":"Pruk","msg":"AntiCrash Events Loaded!"}
{"level":30,"time":1682331329905,"pid":7364,"hostname":"Pruk","msg":"Loaded 1 AutoRun events."}
{"level":30,"time":1682331329929,"pid":7364,"hostname":"Pruk","msg":"Client Events Loaded!"}
{"level":30,"time":1682331330082,"pid":7364,"hostname":"Pruk","msg":"Client 73 Commands Loaded!"}
{"level":30,"time":1682331330096,"pid":7364,"hostname":"Pruk","msg":"Player Events Loaded!"}
{"level":30,"time":1682331330102,"pid":7364,"hostname":"Pruk","msg":"Track Events Loaded!"}
{"level":30,"time":1682331330382,"pid":7364,"hostname":"Pruk","msg":"63 Interactions Loaded!"}
{"level":30,"time":1682331332061,"pid":7364,"hostname":"Pruk","msg":"Shard 0 has been spawn!"}
{"level":30,"time":1682331332109,"pid":7364,"hostname":"Pruk","msg":"Logged in Elysia[Ego] (950169287291711508) is Ready!"}
{"level":30,"time":1682331332112,"pid":7364,"hostname":"Pruk","msg":"Auto deploy enabled. Reading interaction files..."}
{"level":30,"time":1682331332617,"pid":7364,"hostname":"Pruk","msg":"Interactions deployed! Exiting auto deploy..."}
{"level":30,"time":1682331332666,"pid":7364,"hostname":"Pruk","msg":"Lavalink [For Elysia] connected."}
{"level":50,"time":1682331347135,"pid":7364,"hostname":"Pruk","err":{"type":"ReferenceError","message":"a is not defined","stack":"ReferenceError: a is not defined\n    at Object.run (C:\\Users\\a0847\\Desktop\\14\\Slashcommand\\config\\imagine.js:15:1479)"},"msg":"Unhandled Rejection: a is not defined"}
{"level":30,"time":1682331455780,"pid":8076,"hostname":"Pruk","msg":"Launched Cluster 0"}
{"level":30,"time":1682331456763,"pid":10644,"hostname":"Pruk","msg":"AntiCrash Events Loaded!"}
{"level":30,"time":1682331457556,"pid":10644,"hostname":"Pruk","msg":"Loaded 1 AutoRun events."}
{"level":30,"time":1682331457582,"pid":10644,"hostname":"Pruk","msg":"Client Events Loaded!"}
{"level":30,"time":1682331457743,"pid":10644,"hostname":"Pruk","msg":"Client 73 Commands Loaded!"}
{"level":30,"time":1682331457757,"pid":10644,"hostname":"Pruk","msg":"Player Events Loaded!"}
{"level":30,"time":1682331457763,"pid":10644,"hostname":"Pruk","msg":"Track Events Loaded!"}
{"level":30,"time":1682331458070,"pid":10644,"hostname":"Pruk","msg":"63 Interactions Loaded!"}
{"level":30,"time":1682331459650,"pid":10644,"hostname":"Pruk","msg":"Shard 0 has been spawn!"}
{"level":30,"time":1682331459681,"pid":10644,"hostname":"Pruk","msg":"Logged in Elysia[Ego] (950169287291711508) is Ready!"}
{"level":30,"time":1682331459682,"pid":10644,"hostname":"Pruk","msg":"Auto deploy enabled. Reading interaction files..."}
{"level":30,"time":1682331460300,"pid":10644,"hostname":"Pruk","msg":"Lavalink [For Elysia] connected."}
{"level":30,"time":1682331460516,"pid":10644,"hostname":"Pruk","msg":"Interactions deployed! Exiting auto deploy..."}
{"level":50,"time":1682331481522,"pid":10644,"hostname":"Pruk","err":{"type":"TypeError","message":"n.Embed is not a function","stack":"TypeError: n.Embed is not a function\n    at C:\\Users\\a0847\\Desktop\\14\\Slashcommand\\config\\imagine.js:15:1854\n    at processTicksAndRejections (node:internal/process/task_queues:96:5)"},"msg":"Unhandled Rejection: n.Embed is not a function"}
{"level":30,"time":1682331785923,"pid":8384,"hostname":"Pruk","msg":"Launched Cluster 0"}
{"level":30,"time":1682331787373,"pid":11336,"hostname":"Pruk","msg":"AntiCrash Events Loaded!"}
{"level":30,"time":1682331788061,"pid":11336,"hostname":"Pruk","msg":"Loaded 1 AutoRun events."}
{"level":30,"time":1682331788088,"pid":11336,"hostname":"Pruk","msg":"Client Events Loaded!"}
{"level":30,"time":1682331788350,"pid":11336,"hostname":"Pruk","msg":"Client 73 Commands Loaded!"}
{"level":30,"time":1682331788368,"pid":11336,"hostname":"Pruk","msg":"Player Events Loaded!"}
{"level":30,"time":1682331788374,"pid":11336,"hostname":"Pruk","msg":"Track Events Loaded!"}
{"level":30,"time":1682331788687,"pid":11336,"hostname":"Pruk","msg":"63 Interactions Loaded!"}
{"level":30,"time":1682331789916,"pid":11336,"hostname":"Pruk","msg":"Shard 0 has been spawn!"}
{"level":30,"time":1682331789948,"pid":11336,"hostname":"Pruk","msg":"Logged in Elysia[Ego] (950169287291711508) is Ready!"}
{"level":30,"time":1682331789949,"pid":11336,"hostname":"Pruk","msg":"Auto deploy enabled. Reading interaction files..."}
{"level":30,"time":1682331790518,"pid":11336,"hostname":"Pruk","msg":"Interactions deployed! Exiting auto deploy..."}
{"level":30,"time":1682331790558,"pid":11336,"hostname":"Pruk","msg":"Lavalink [For Elysia] connected."}
{"level":50,"time":1682331834309,"pid":11336,"hostname":"Pruk","err":{"type":"TypeError","message":"[\"EmbedBuild\"] is not a function","stack":"TypeError: [\"EmbedBuild\"] is not a function\n    at C:\\Users\\a0847\\Desktop\\14\\Slashcommand\\config\\imagine.js:35:360\n    at processTicksAndRejections (node:internal/process/task_queues:96:5)"},"msg":"Unhandled Rejection: [\"EmbedBuild\"] is not a function"}
{"level":30,"time":1682331864519,"pid":1740,"hostname":"Pruk","msg":"Launched Cluster 0"}
{"level":30,"time":1682331865400,"pid":6604,"hostname":"Pruk","msg":"AntiCrash Events Loaded!"}
{"level":30,"time":1682331866141,"pid":6604,"hostname":"Pruk","msg":"Loaded 1 AutoRun events."}
{"level":30,"time":1682331866165,"pid":6604,"hostname":"Pruk","msg":"Client Events Loaded!"}
{"level":30,"time":1682331866312,"pid":6604,"hostname":"Pruk","msg":"Client 73 Commands Loaded!"}
{"level":30,"time":1682331866330,"pid":6604,"hostname":"Pruk","msg":"Player Events Loaded!"}
{"level":30,"time":1682331866335,"pid":6604,"hostname":"Pruk","msg":"Track Events Loaded!"}
{"level":30,"time":1682331866597,"pid":6604,"hostname":"Pruk","msg":"63 Interactions Loaded!"}
{"level":30,"time":1682331868358,"pid":6604,"hostname":"Pruk","msg":"Shard 0 has been spawn!"}
{"level":30,"time":1682331868395,"pid":6604,"hostname":"Pruk","msg":"Logged in Elysia[Ego] (950169287291711508) is Ready!"}
{"level":30,"time":1682331868396,"pid":6604,"hostname":"Pruk","msg":"Auto deploy enabled. Reading interaction files..."}
{"level":30,"time":1682331868975,"pid":6604,"hostname":"Pruk","msg":"Lavalink [For Elysia] connected."}
{"level":30,"time":1682331869021,"pid":6604,"hostname":"Pruk","msg":"Interactions deployed! Exiting auto deploy..."}
{"level":50,"time":1682331887315,"pid":6604,"hostname":"Pruk","err":{"type":"TypeError","message":"[\"EmbedBuilder\"] is not a function","stack":"TypeError: [\"EmbedBuilder\"] is not a function\n    at C:\\Users\\a0847\\Desktop\\14\\Slashcommand\\config\\imagine.js:35:362\n    at processTicksAndRejections (node:internal/process/task_queues:96:5)"},"msg":"Unhandled Rejection: [\"EmbedBuilder\"] is not a function"}
