{
  code: 'MODULE_NOT_FOUND',
  requireStack: [
    'C:\\Users\\a0847\\Desktop\\Elysia\\commands\\slash\\General\\bing.js',
    'C:\\Users\\a0847\\Desktop\\Elysia\\handlers\\loadCommand.js',
    'C:\\Users\\a0847\\Desktop\\Elysia\\login.js'
  ],
  level: 'error',
  message: "Unhandled Rejection Cannot find module '../../plugins/Chat.js'\n" +
    'Require stack:\n' +
    '- C:\\Users\\a0847\\Desktop\\Elysia\\commands\\slash\\General\\bing.js\n' +
    '- C:\\Users\\a0847\\Desktop\\Elysia\\handlers\\loadCommand.js\n' +
    '- C:\\Users\\a0847\\Desktop\\Elysia\\login.js',
  stack: "Error: Cannot find module '../../plugins/Chat.js'\n" +
    'Require stack:\n' +
    '- C:\\Users\\a0847\\Desktop\\Elysia\\commands\\slash\\General\\bing.js\n' +
    '- C:\\Users\\a0847\\Desktop\\Elysia\\handlers\\loadCommand.js\n' +
    '- C:\\Users\\a0847\\Desktop\\Elysia\\login.js\n' +
    '    at Module._resolveFilename (node:internal/modules/cjs/loader:1075:15)\n' +
    '    at Module._load (node:internal/modules/cjs/loader:920:27)\n' +
    '    at Module.require (node:internal/modules/cjs/loader:1141:19)\n' +
    '    at require (node:internal/modules/cjs/helpers:110:18)\n' +
    '    at Object.<anonymous> (C:\\Users\\a0847\\Desktop\\Elysia\\commands\\slash\\General\\bing.js:3:14)\n' +
    '    at Module._compile (node:internal/modules/cjs/loader:1254:14)\n' +
    '    at Module._extensions..js (node:internal/modules/cjs/loader:1308:10)\n' +
    '    at Module.load (node:internal/modules/cjs/loader:1117:32)\n' +
    '    at Module._load (node:internal/modules/cjs/loader:958:12)\n' +
    '    at Module.require (node:internal/modules/cjs/loader:1141:19)',
  timestamp: '01-07-2023 04:25:59'
}
{
  message: 'Errored Elysia[Ego]#5215 (950169287291711508)',
  level: 'error',
  timestamp: '01-07-2023 04:26:01'
}
{
  code: 'MODULE_NOT_FOUND',
  requireStack: [
    'C:\\Users\\a0847\\Desktop\\Elysia\\commands\\slash\\Music\\File.js',
    'C:\\Users\\a0847\\Desktop\\Elysia\\handlers\\loadCommand.js',
    'C:\\Users\\a0847\\Desktop\\Elysia\\login.js'
  ],
  level: 'error',
  message: "Unhandled Rejection Cannot find module '../../structures/ConvertTime.js'\n" +
    'Require stack:\n' +
    '- C:\\Users\\a0847\\Desktop\\Elysia\\commands\\slash\\Music\\File.js\n' +
    '- C:\\Users\\a0847\\Desktop\\Elysia\\handlers\\loadCommand.js\n' +
    '- C:\\Users\\a0847\\Desktop\\Elysia\\login.js',
  stack: "Error: Cannot find module '../../structures/ConvertTime.js'\n" +
    'Require stack:\n' +
    '- C:\\Users\\a0847\\Desktop\\Elysia\\commands\\slash\\Music\\File.js\n' +
    '- C:\\Users\\a0847\\Desktop\\Elysia\\handlers\\loadCommand.js\n' +
    '- C:\\Users\\a0847\\Desktop\\Elysia\\login.js\n' +
    '    at Module._resolveFilename (node:internal/modules/cjs/loader:1075:15)\n' +
    '    at Module._load (node:internal/modules/cjs/loader:920:27)\n' +
    '    at Module.require (node:internal/modules/cjs/loader:1141:19)\n' +
    '    at require (node:internal/modules/cjs/helpers:110:18)\n' +
    '    at Object.<anonymous> (C:\\Users\\a0847\\Desktop\\Elysia\\commands\\slash\\Music\\File.js:2:25)\n' +
    '    at Module._compile (node:internal/modules/cjs/loader:1254:14)\n' +
    '    at Module._extensions..js (node:internal/modules/cjs/loader:1308:10)\n' +
    '    at Module.load (node:internal/modules/cjs/loader:1117:32)\n' +
    '    at Module._load (node:internal/modules/cjs/loader:958:12)\n' +
    '    at Module.require (node:internal/modules/cjs/loader:1141:19)',
  timestamp: '01-07-2023 04:27:25'
}
{
  code: 'MODULE_NOT_FOUND',
  requireStack: [
    'C:\\Users\\a0847\\Desktop\\Elysia\\commands\\slash\\General\\bing.js',
    'C:\\Users\\a0847\\Desktop\\Elysia\\handlers\\loadCommand.js',
    'C:\\Users\\a0847\\Desktop\\Elysia\\login.js'
  ],
  level: 'error',
  message: "Unhandled Rejection Cannot find module '../../plugins/Chat.js'\n" +
    'Require stack:\n' +
    '- C:\\Users\\a0847\\Desktop\\Elysia\\commands\\slash\\General\\bing.js\n' +
    '- C:\\Users\\a0847\\Desktop\\Elysia\\handlers\\loadCommand.js\n' +
    '- C:\\Users\\a0847\\Desktop\\Elysia\\login.js',
  stack: "Error: Cannot find module '../../plugins/Chat.js'\n" +
    'Require stack:\n' +
    '- C:\\Users\\a0847\\Desktop\\Elysia\\commands\\slash\\General\\bing.js\n' +
    '- C:\\Users\\a0847\\Desktop\\Elysia\\handlers\\loadCommand.js\n' +
    '- C:\\Users\\a0847\\Desktop\\Elysia\\login.js\n' +
    '    at Module._resolveFilename (node:internal/modules/cjs/loader:1075:15)\n' +
    '    at Module._load (node:internal/modules/cjs/loader:920:27)\n' +
    '    at Module.require (node:internal/modules/cjs/loader:1141:19)\n' +
    '    at require (node:internal/modules/cjs/helpers:110:18)\n' +
    '    at Object.<anonymous> (C:\\Users\\a0847\\Desktop\\Elysia\\commands\\slash\\General\\bing.js:3:14)\n' +
    '    at Module._compile (node:internal/modules/cjs/loader:1254:14)\n' +
    '    at Module._extensions..js (node:internal/modules/cjs/loader:1308:10)\n' +
    '    at Module.load (node:internal/modules/cjs/loader:1117:32)\n' +
    '    at Module._load (node:internal/modules/cjs/loader:958:12)\n' +
    '    at Module.require (node:internal/modules/cjs/loader:1141:19)',
  timestamp: '01-07-2023 04:29:33'
}
{
  code: 'MODULE_NOT_FOUND',
  requireStack: [
    'C:\\Users\\a0847\\Desktop\\Elysia\\commands\\slash\\General\\bing.js',
    'C:\\Users\\a0847\\Desktop\\Elysia\\handlers\\loadCommand.js',
    'C:\\Users\\a0847\\Desktop\\Elysia\\login.js'
  ],
  level: 'error',
  message: "Unhandled Rejection Cannot find module '../../plugins/Chat.js'\n" +
    'Require stack:\n' +
    '- C:\\Users\\a0847\\Desktop\\Elysia\\commands\\slash\\General\\bing.js\n' +
    '- C:\\Users\\a0847\\Desktop\\Elysia\\handlers\\loadCommand.js\n' +
    '- C:\\Users\\a0847\\Desktop\\Elysia\\login.js',
  stack: "Error: Cannot find module '../../plugins/Chat.js'\n" +
    'Require stack:\n' +
    '- C:\\Users\\a0847\\Desktop\\Elysia\\commands\\slash\\General\\bing.js\n' +
    '- C:\\Users\\a0847\\Desktop\\Elysia\\handlers\\loadCommand.js\n' +
    '- C:\\Users\\a0847\\Desktop\\Elysia\\login.js\n' +
    '    at Module._resolveFilename (node:internal/modules/cjs/loader:1075:15)\n' +
    '    at Module._load (node:internal/modules/cjs/loader:920:27)\n' +
    '    at Module.require (node:internal/modules/cjs/loader:1141:19)\n' +
    '    at require (node:internal/modules/cjs/helpers:110:18)\n' +
    '    at Object.<anonymous> (C:\\Users\\a0847\\Desktop\\Elysia\\commands\\slash\\General\\bing.js:3:14)\n' +
    '    at Module._compile (node:internal/modules/cjs/loader:1254:14)\n' +
    '    at Module._extensions..js (node:internal/modules/cjs/loader:1308:10)\n' +
    '    at Module.load (node:internal/modules/cjs/loader:1117:32)\n' +
    '    at Module._load (node:internal/modules/cjs/loader:958:12)\n' +
    '    at Module.require (node:internal/modules/cjs/loader:1141:19)',
  timestamp: '01-07-2023 04:30:06'
}
{
  code: 'MODULE_NOT_FOUND',
  requireStack: [
    'C:\\Users\\a0847\\Desktop\\Elysia\\commands\\slash\\Misc\\restart.js',
    'C:\\Users\\a0847\\Desktop\\Elysia\\handlers\\loadCommand.js',
    'C:\\Users\\a0847\\Desktop\\Elysia\\login.js'
  ],
  level: 'error',
  message: "Unhandled Rejection Cannot find module '../../settings/config.js'\n" +
    'Require stack:\n' +
    '- C:\\Users\\a0847\\Desktop\\Elysia\\commands\\slash\\Misc\\restart.js\n' +
    '- C:\\Users\\a0847\\Desktop\\Elysia\\handlers\\loadCommand.js\n' +
    '- C:\\Users\\a0847\\Desktop\\Elysia\\login.js',
  stack: "Error: Cannot find module '../../settings/config.js'\n" +
    'Require stack:\n' +
    '- C:\\Users\\a0847\\Desktop\\Elysia\\commands\\slash\\Misc\\restart.js\n' +
    '- C:\\Users\\a0847\\Desktop\\Elysia\\handlers\\loadCommand.js\n' +
    '- C:\\Users\\a0847\\Desktop\\Elysia\\login.js\n' +
    '    at Module._resolveFilename (node:internal/modules/cjs/loader:1075:15)\n' +
    '    at Module._load (node:internal/modules/cjs/loader:920:27)\n' +
    '    at Module.require (node:internal/modules/cjs/loader:1141:19)\n' +
    '    at require (node:internal/modules/cjs/helpers:110:18)\n' +
    '    at Object.<anonymous> (C:\\Users\\a0847\\Desktop\\Elysia\\commands\\slash\\Misc\\restart.js:2:16)\n' +
    '    at Module._compile (node:internal/modules/cjs/loader:1254:14)\n' +
    '    at Module._extensions..js (node:internal/modules/cjs/loader:1308:10)\n' +
    '    at Module.load (node:internal/modules/cjs/loader:1117:32)\n' +
    '    at Module._load (node:internal/modules/cjs/loader:958:12)\n' +
    '    at Module.require (node:internal/modules/cjs/loader:1141:19)',
  timestamp: '01-07-2023 04:30:42'
}
{
  code: 'MODULE_NOT_FOUND',
  requireStack: [
    'C:\\Users\\a0847\\Desktop\\Elysia\\handlers\\driver\\connection.js',
    'C:\\Users\\a0847\\Desktop\\Elysia\\handlers\\loadDatabase.js',
    'C:\\Users\\a0847\\Desktop\\Elysia\\login.js'
  ],
  level: 'error',
  message: "Unhandled Rejection Cannot find module 'mongoose'\n" +
    'Require stack:\n' +
    '- C:\\Users\\a0847\\Desktop\\Elysia\\handlers\\driver\\connection.js\n' +
    '- C:\\Users\\a0847\\Desktop\\Elysia\\handlers\\loadDatabase.js\n' +
    '- C:\\Users\\a0847\\Desktop\\Elysia\\login.js',
  stack: "Error: Cannot find module 'mongoose'\n" +
    'Require stack:\n' +
    '- C:\\Users\\a0847\\Desktop\\Elysia\\handlers\\driver\\connection.js\n' +
    '- C:\\Users\\a0847\\Desktop\\Elysia\\handlers\\loadDatabase.js\n' +
    '- C:\\Users\\a0847\\Desktop\\Elysia\\login.js\n' +
    '    at Module._resolveFilename (node:internal/modules/cjs/loader:1075:15)\n' +
    '    at Module._load (node:internal/modules/cjs/loader:920:27)\n' +
    '    at Module.require (node:internal/modules/cjs/loader:1141:19)\n' +
    '    at require (node:internal/modules/cjs/helpers:110:18)\n' +
    '    at Object.<anonymous> (C:\\Users\\a0847\\Desktop\\Elysia\\handlers\\driver\\connection.js:1:18)\n' +
    '    at Module._compile (node:internal/modules/cjs/loader:1254:14)\n' +
    '    at Module._extensions..js (node:internal/modules/cjs/loader:1308:10)\n' +
    '    at Module.load (node:internal/modules/cjs/loader:1117:32)\n' +
    '    at Module._load (node:internal/modules/cjs/loader:958:12)\n' +
    '    at Module.require (node:internal/modules/cjs/loader:1141:19)',
  timestamp: '01-07-2023 06:52:26'
}
{
  code: 'MODULE_NOT_FOUND',
  requireStack: [
    'C:\\Users\\a0847\\Desktop\\Elysia\\handlers\\Player\\loadEvent.js',
    'C:\\Users\\a0847\\Desktop\\Elysia\\handlers\\loadPlayer.js',
    'C:\\Users\\a0847\\Desktop\\Elysia\\login.js'
  ],
  level: 'error',
  message: "Unhandled Rejection Cannot find module '../events/players/playerCreate.js'\n" +
    'Require stack:\n' +
    '- C:\\Users\\a0847\\Desktop\\Elysia\\handlers\\Player\\loadEvent.js\n' +
    '- C:\\Users\\a0847\\Desktop\\Elysia\\handlers\\loadPlayer.js\n' +
    '- C:\\Users\\a0847\\Desktop\\Elysia\\login.js',
  stack: "Error: Cannot find module '../events/players/playerCreate.js'\n" +
    'Require stack:\n' +
    '- C:\\Users\\a0847\\Desktop\\Elysia\\handlers\\Player\\loadEvent.js\n' +
    '- C:\\Users\\a0847\\Desktop\\Elysia\\handlers\\loadPlayer.js\n' +
    '- C:\\Users\\a0847\\Desktop\\Elysia\\login.js\n' +
    '    at Module._resolveFilename (node:internal/modules/cjs/loader:1075:15)\n' +
    '    at Module._load (node:internal/modules/cjs/loader:920:27)\n' +
    '    at Module.require (node:internal/modules/cjs/loader:1141:19)\n' +
    '    at require (node:internal/modules/cjs/helpers:110:18)\n' +
    '    at C:\\Users\\a0847\\Desktop\\Elysia\\handlers\\Player\\loadEvent.js:5:21\n' +
    '    at Array.forEach (<anonymous>)\n' +
    '    at module.exports (C:\\Users\\a0847\\Desktop\\Elysia\\handlers\\Player\\loadEvent.js:4:38)\n' +
    '    at module.exports (C:\\Users\\a0847\\Desktop\\Elysia\\handlers\\loadPlayer.js:3:41)\n' +
    '    at C:\\Users\\a0847\\Desktop\\Elysia\\login.js:112:44\n' +
    '    at Array.forEach (<anonymous>)',
  timestamp: '01-07-2023 07:41:20'
}
{
  code: 'MODULE_NOT_FOUND',
  requireStack: [
    'C:\\Users\\a0847\\Desktop\\Elysia\\handlers\\Player\\loadEvent.js',
    'C:\\Users\\a0847\\Desktop\\Elysia\\handlers\\loadPlayer.js',
    'C:\\Users\\a0847\\Desktop\\Elysia\\login.js'
  ],
  level: 'error',
  message: "Unhandled Rejection Cannot find module '../events/players/playerCreate.js'\n" +
    'Require stack:\n' +
    '- C:\\Users\\a0847\\Desktop\\Elysia\\handlers\\Player\\loadEvent.js\n' +
    '- C:\\Users\\a0847\\Desktop\\Elysia\\handlers\\loadPlayer.js\n' +
    '- C:\\Users\\a0847\\Desktop\\Elysia\\login.js',
  stack: "Error: Cannot find module '../events/players/playerCreate.js'\n" +
    'Require stack:\n' +
    '- C:\\Users\\a0847\\Desktop\\Elysia\\handlers\\Player\\loadEvent.js\n' +
    '- C:\\Users\\a0847\\Desktop\\Elysia\\handlers\\loadPlayer.js\n' +
    '- C:\\Users\\a0847\\Desktop\\Elysia\\login.js\n' +
    '    at Module._resolveFilename (node:internal/modules/cjs/loader:1075:15)\n' +
    '    at Module._load (node:internal/modules/cjs/loader:920:27)\n' +
    '    at Module.require (node:internal/modules/cjs/loader:1141:19)\n' +
    '    at require (node:internal/modules/cjs/helpers:110:18)\n' +
    '    at C:\\Users\\a0847\\Desktop\\Elysia\\handlers\\Player\\loadEvent.js:5:21\n' +
    '    at Array.forEach (<anonymous>)\n' +
    '    at module.exports (C:\\Users\\a0847\\Desktop\\Elysia\\handlers\\Player\\loadEvent.js:4:38)\n' +
    '    at module.exports (C:\\Users\\a0847\\Desktop\\Elysia\\handlers\\loadPlayer.js:3:41)\n' +
    '    at C:\\Users\\a0847\\Desktop\\Elysia\\login.js:112:44\n' +
    '    at Array.forEach (<anonymous>)',
  timestamp: '01-07-2023 07:41:56'
}
{
  code: 'MODULE_NOT_FOUND',
  requireStack: [
    'C:\\Users\\a0847\\Desktop\\Elysia\\handlers\\Player\\loadEvent.js',
    'C:\\Users\\a0847\\Desktop\\Elysia\\handlers\\loadPlayer.js',
    'C:\\Users\\a0847\\Desktop\\Elysia\\login.js'
  ],
  level: 'error',
  message: "Unhandled Rejection Cannot find module './events/players/playerCreate.js'\n" +
    'Require stack:\n' +
    '- C:\\Users\\a0847\\Desktop\\Elysia\\handlers\\Player\\loadEvent.js\n' +
    '- C:\\Users\\a0847\\Desktop\\Elysia\\handlers\\loadPlayer.js\n' +
    '- C:\\Users\\a0847\\Desktop\\Elysia\\login.js',
  stack: "Error: Cannot find module './events/players/playerCreate.js'\n" +
    'Require stack:\n' +
    '- C:\\Users\\a0847\\Desktop\\Elysia\\handlers\\Player\\loadEvent.js\n' +
    '- C:\\Users\\a0847\\Desktop\\Elysia\\handlers\\loadPlayer.js\n' +
    '- C:\\Users\\a0847\\Desktop\\Elysia\\login.js\n' +
    '    at Module._resolveFilename (node:internal/modules/cjs/loader:1075:15)\n' +
    '    at Module._load (node:internal/modules/cjs/loader:920:27)\n' +
    '    at Module.require (node:internal/modules/cjs/loader:1141:19)\n' +
    '    at require (node:internal/modules/cjs/helpers:110:18)\n' +
    '    at C:\\Users\\a0847\\Desktop\\Elysia\\handlers\\Player\\loadEvent.js:5:21\n' +
    '    at Array.forEach (<anonymous>)\n' +
    '    at module.exports (C:\\Users\\a0847\\Desktop\\Elysia\\handlers\\Player\\loadEvent.js:4:38)\n' +
    '    at module.exports (C:\\Users\\a0847\\Desktop\\Elysia\\handlers\\loadPlayer.js:3:41)\n' +
    '    at C:\\Users\\a0847\\Desktop\\Elysia\\login.js:112:44\n' +
    '    at Array.forEach (<anonymous>)',
  timestamp: '01-07-2023 07:42:16'
}
{
  message: 'Errored Elysia[Ego]#5215 (950169287291711508)',
  level: 'error',
  timestamp: '02-07-2023 10:56:50'
}
{
  message: 'Errored Elysia[Ego]#5215 (950169287291711508)',
  level: 'error',
  timestamp: '02-07-2023 10:57:55'
}
{
  message: 'Errored Elysia[Ego]#5215 (950169287291711508)',
  level: 'error',
  timestamp: '02-07-2023 10:59:16'
}
{
  message: 'Errored Elysia[Ego]#5215 (950169287291711508)',
  level: 'error',
  timestamp: '02-07-2023 11:00:06'
}
{
  message: 'Errored Elysia[Ego]#5215 (950169287291711508)',
  level: 'error',
  timestamp: '02-07-2023 11:00:43'
}
{
  message: 'Errored Elysia[Ego]#5215 (950169287291711508)',
  level: 'error',
  timestamp: '02-07-2023 11:02:33'
}
{
  message: 'Errored Elysia[Ego]#5215 (950169287291711508)',
  level: 'error',
  timestamp: '02-07-2023 11:02:55'
}
{
  message: 'Errored Elysia[Ego]#5215 (950169287291711508)',
  level: 'error',
  timestamp: '02-07-2023 11:03:43'
}
{
  message: 'Errored Elysia[Ego]#5215 (950169287291711508)',
  level: 'error',
  timestamp: '02-07-2023 11:04:00'
}
{
  message: 'Errored Elysia[Ego]#5215 (950169287291711508)',
  level: 'error',
  timestamp: '02-07-2023 11:04:12'
}
{
  message: 'Errored Elysia[Ego]#5215 (950169287291711508)',
  level: 'error',
  timestamp: '02-07-2023 11:04:30'
}
{
  message: 'Errored Elysia[Ego]#5215 (950169287291711508)',
  level: 'error',
  timestamp: '02-07-2023 11:05:21'
}
{
  message: 'Errored Elysia[Ego]#5215 (950169287291711508)',
  level: 'error',
  timestamp: '02-07-2023 11:05:42'
}
{
  message: 'Errored Elysia[Ego]#5215 (950169287291711508)',
  level: 'error',
  timestamp: '02-07-2023 11:20:34'
}
{
  message: 'Errored Elysia[Ego]#5215 (950169287291711508)',
  level: 'error',
  timestamp: '02-07-2023 11:22:36'
}
{
  message: 'Errored Elysia[Ego]#5215 (950169287291711508)',
  level: 'error',
  timestamp: '02-07-2023 11:24:53'
}
{
  message: 'Errored Elysia[Ego]#5215 (950169287291711508)',
  level: 'error',
  timestamp: '02-07-2023 11:28:20'
}
{
  message: 'Errored Elysia[Ego]#5215 (950169287291711508)',
  level: 'error',
  timestamp: '02-07-2023 11:28:51'
}
{
  message: 'Errored Elysia[Ego]#5215 (950169287291711508)',
  level: 'error',
  timestamp: '02-07-2023 11:44:33'
}
{
  message: 'Errored Elysia[Ego]#5215 (950169287291711508)',
  level: 'error',
  timestamp: '02-07-2023 11:45:58'
}
{
  message: 'Errored Elysia[Ego]#5215 (950169287291711508)',
  level: 'error',
  timestamp: '02-07-2023 11:46:51'
}
{
  message: 'Errored Elysia[Ego]#5215 (950169287291711508)',
  level: 'error',
  timestamp: '02-07-2023 11:47:23'
}
{
  level: 'error',
  message: 'Unhandled Rejection client.UpdateQueueMsg is not a function',
  stack: 'TypeError: client.UpdateQueueMsg is not a function\n' +
    '    at module.exports (C:\\Users\\a0847\\Desktop\\Elysia\\events\\players\\playerStart.js:19:16)',
  timestamp: '02-07-2023 11:49:57'
}
{
  level: 'error',
  message: 'Unhandled Rejection client.UpdateQueueMsg is not a function',
  stack: 'TypeError: client.UpdateQueueMsg is not a function\n' +
    '    at module.exports (C:\\Users\\a0847\\Desktop\\Elysia\\events\\players\\playerStart.js:19:16)\n' +
    '    at process.processTicksAndRejections (node:internal/process/task_queues:95:5)',
  timestamp: '02-07-2023 11:57:48'
}
{
  level: 'error',
  message: 'Unhandled Rejection CurrentDuration is not defined',
  stack: 'ReferenceError: CurrentDuration is not defined\n' +
    '    at module.exports (C:\\Users\\a0847\\Desktop\\Elysia\\events\\players\\playerStart.js:51:33)\n' +
    '    at process.processTicksAndRejections (node:internal/process/task_queues:95:5)',
  timestamp: '02-07-2023 12:27:03'
}
{
  level: 'error',
  message: "Unhandled Rejection Cannot read properties of undefined (reading 'set')",
  stack: "TypeError: Cannot read properties of undefined (reading 'set')\n" +
    '    at module.exports (C:\\Users\\a0847\\Desktop\\Elysia\\events\\players\\playerDestroy.js:8:20)\n' +
    '    at process.processTicksAndRejections (node:internal/process/task_queues:95:5)',
  timestamp: '02-07-2023 12:31:24'
}
{
  level: 'error',
  message: 'Unhandled Rejection Emoji is not defined',
  stack: 'ReferenceError: Emoji is not defined\n' +
    '    at module.exports (C:\\Users\\a0847\\Desktop\\Elysia\\events\\players\\playerStart.js:50:76)\n' +
    '    at process.processTicksAndRejections (node:internal/process/task_queues:95:5)',
  timestamp: '02-07-2023 12:35:23'
}
{
  level: 'error',
  message: 'Unhandled Rejection Part is not defined',
  stack: 'ReferenceError: Part is not defined\n' +
    '    at module.exports (C:\\Users\\a0847\\Desktop\\Elysia\\events\\players\\playerStart.js:50:96)\n' +
    '    at process.processTicksAndRejections (node:internal/process/task_queues:95:5)',
  timestamp: '02-07-2023 12:37:34'
}
{
  level: 'error',
  message: 'Unhandled Rejection formatDuration is not defined',
  stack: 'ReferenceError: formatDuration is not defined\n' +
    '    at module.exports (C:\\Users\\a0847\\Desktop\\Elysia\\events\\players\\playerStart.js:31:27)\n' +
    '    at process.processTicksAndRejections (node:internal/process/task_queues:95:5)',
  timestamp: '02-07-2023 12:38:46'
}
{
  level: 'error',
  message: 'Unhandled Rejection formatduration is not defined',
  stack: 'ReferenceError: formatduration is not defined\n' +
    '    at module.exports (C:\\Users\\a0847\\Desktop\\Elysia\\events\\players\\playerStart.js:47:41)\n' +
    '    at process.processTicksAndRejections (node:internal/process/task_queues:95:5)',
  timestamp: '02-07-2023 12:40:37'
}
{
  level: 'error',
  message: 'Unhandled Rejection song.titlesong.uri[formatDuration(...)] is not a function',
  stack: 'TypeError: song.titlesong.uri[formatDuration(...)] is not a function\n' +
    '    at InteractionCollector.<anonymous> (C:\\Users\\a0847\\Desktop\\Elysia\\events\\players\\playerStart.js:265:110)\n' +
    '    at InteractionCollector.emit (node:events:525:35)\n' +
    '    at InteractionCollector.handleCollect (C:\\Users\\a0847\\Desktop\\Elysia\\node_modules\\discord.js\\src\\structures\\interfaces\\Collector.js:133:14)\n' +
    '    at process.processTicksAndRejections (node:internal/process/task_queues:95:5)',
  timestamp: '02-07-2023 12:42:38'
}
{
  level: 'error',
  message: 'Unhandled Rejection $song is not defined',
  stack: 'ReferenceError: $song is not defined\n' +
    '    at InteractionCollector.<anonymous> (C:\\Users\\a0847\\Desktop\\Elysia\\events\\players\\playerStart.js:265:116)\n' +
    '    at InteractionCollector.emit (node:events:525:35)\n' +
    '    at InteractionCollector.handleCollect (C:\\Users\\a0847\\Desktop\\Elysia\\node_modules\\discord.js\\src\\structures\\interfaces\\Collector.js:133:14)\n' +
    '    at process.processTicksAndRejections (node:internal/process/task_queues:95:5)',
  timestamp: '02-07-2023 12:48:35'
}
{
  level: 'error',
  message: 'Unhandled Rejection song.titlesong.uri[formatDuration(...)] is not a function',
  stack: 'TypeError: song.titlesong.uri[formatDuration(...)] is not a function\n' +
    '    at InteractionCollector.<anonymous> (C:\\Users\\a0847\\Desktop\\Elysia\\events\\players\\playerStart.js:265:110)\n' +
    '    at InteractionCollector.emit (node:events:525:35)\n' +
    '    at InteractionCollector.handleCollect (C:\\Users\\a0847\\Desktop\\Elysia\\node_modules\\discord.js\\src\\structures\\interfaces\\Collector.js:133:14)\n' +
    '    at process.processTicksAndRejections (node:internal/process/task_queues:95:5)',
  timestamp: '02-07-2023 12:49:16'
}
{
  level: 'error',
  message: "Unhandled Rejection Cannot read properties of undefined (reading 'has')",
  stack: "TypeError: Cannot read properties of undefined (reading 'has')\n" +
    '    at C:\\Users\\a0847\\Desktop\\Elysia\\handlers\\loadCommand.js:25:26\n' +
    '    at Object.next (C:\\Users\\a0847\\Desktop\\Elysia\\node_modules\\chillout\\src\\iterator.js:16:32)\n' +
    '    at Immediate.doIterate (C:\\Users\\a0847\\Desktop\\Elysia\\node_modules\\chillout\\src\\iterate.js:17:38)\n' +
    '    at process.processImmediate (node:internal/timers:476:21)',
  timestamp: '02-07-2023 02:31:22'
}
{
  level: 'error',
  message: 'Unhandled Rejection logger.info is not a function',
  stack: 'TypeError: logger.info is not a function\n' +
    '    at module.exports (C:\\Users\\a0847\\Desktop\\Elysia\\handlers\\loadDatabase.js:75:16)\n' +
    '    at C:\\Users\\a0847\\Desktop\\Elysia\\login.js:121:44\n' +
    '    at Array.forEach (<anonymous>)\n' +
    '    at Object.<anonymous> (C:\\Users\\a0847\\Desktop\\Elysia\\login.js:121:3)\n' +
    '    at Module._compile (node:internal/modules/cjs/loader:1254:14)\n' +
    '    at Module._extensions..js (node:internal/modules/cjs/loader:1308:10)\n' +
    '    at Module.load (node:internal/modules/cjs/loader:1117:32)\n' +
    '    at Module._load (node:internal/modules/cjs/loader:958:12)\n' +
    '    at Function.executeUserEntryPoint [as runMain] (node:internal/modules/run_main:81:12)\n' +
    '    at MessagePort.<anonymous> (node:internal/main/worker_thread:164:24)',
  timestamp: '02-07-2023 02:48:34'
}
